{"/Users/lizhenhu/Desktop/zhihe-0508-4/mall-coupon-wall/src/App.vue": {"path":"/Users/lizhenhu/Desktop/zhihe-0508-4/mall-coupon-wall/src/App.vue","statementMap":{"0":{"start":{"line":4,"column":0},"end":{"line":6,"column":3}},"1":{"start":{"line":7,"column":0},"end":{"line":7,"column":28}},"2":{"start":{"line":12,"column":33},"end":{"line":12,"column":143}},"3":{"start":{"line":13,"column":32},"end":{"line":13,"column":188}},"4":{"start":{"line":14,"column":45},"end":{"line":14,"column":376}},"5":{"start":{"line":14,"column":54},"end":{"line":14,"column":111}},"6":{"start":{"line":14,"column":80},"end":{"line":14,"column":111}},"7":{"start":{"line":14,"column":120},"end":{"line":14,"column":152}},"8":{"start":{"line":14,"column":154},"end":{"line":14,"column":374}},"9":{"start":{"line":15,"column":31},"end":{"line":15,"column":143}},"10":{"start":{"line":15,"column":122},"end":{"line":15,"column":143}},"11":{"start":{"line":16,"column":33},"end":{"line":16,"column":83}},"12":{"start":{"line":16,"column":55},"end":{"line":16,"column":83}},"13":{"start":{"line":17,"column":35},"end":{"line":17,"column":81}},"14":{"start":{"line":17,"column":82},"end":{"line":17,"column":136}},"15":{"start":{"line":17,"column":95},"end":{"line":17,"column":96}},"16":{"start":{"line":17,"column":102},"end":{"line":17,"column":110}},"17":{"start":{"line":17,"column":124},"end":{"line":17,"column":136}},"18":{"start":{"line":17,"column":137},"end":{"line":17,"column":146}},"19":{"start":{"line":18,"column":15},"end":{"line":228,"column":1}},"20":{"start":{"line":29,"column":4},"end":{"line":126,"column":6}},"21":{"start":{"line":135,"column":6},"end":{"line":135,"column":38}},"22":{"start":{"line":136,"column":6},"end":{"line":142,"column":7}},"23":{"start":{"line":137,"column":8},"end":{"line":141,"column":11}},"24":{"start":{"line":143,"column":6},"end":{"line":149,"column":7}},"25":{"start":{"line":144,"column":8},"end":{"line":148,"column":11}},"26":{"start":{"line":150,"column":6},"end":{"line":150,"column":18}},"27":{"start":{"line":154,"column":22},"end":{"line":154,"column":81}},"28":{"start":{"line":155,"column":6},"end":{"line":163,"column":9}},"29":{"start":{"line":167,"column":6},"end":{"line":167,"column":41}},"30":{"start":{"line":173,"column":6},"end":{"line":173,"column":27}},"31":{"start":{"line":179,"column":22},"end":{"line":179,"column":81}},"32":{"start":{"line":180,"column":6},"end":{"line":199,"column":7}},"33":{"start":{"line":181,"column":8},"end":{"line":190,"column":9}},"34":{"start":{"line":186,"column":10},"end":{"line":189,"column":13}},"35":{"start":{"line":191,"column":8},"end":{"line":191,"column":38}},"36":{"start":{"line":193,"column":8},"end":{"line":197,"column":11}},"37":{"start":{"line":198,"column":8},"end":{"line":198,"column":36}},"38":{"start":{"line":200,"column":6},"end":{"line":200,"column":73}},"39":{"start":{"line":206,"column":18},"end":{"line":210,"column":8}},"40":{"start":{"line":211,"column":6},"end":{"line":225,"column":7}},"41":{"start":{"line":212,"column":8},"end":{"line":224,"column":33}},"42":{"start":{"line":217,"column":10},"end":{"line":217,"column":48}},"43":{"start":{"line":218,"column":10},"end":{"line":221,"column":13}},"44":{"start":{"line":229,"column":18},"end":{"line":229,"column":99}},"45":{"start":{"line":230,"column":13},"end":{"line":404,"column":1}},"46":{"start":{"line":231,"column":12},"end":{"line":231,"column":16}},"47":{"start":{"line":232,"column":9},"end":{"line":232,"column":21}},"48":{"start":{"line":233,"column":2},"end":{"line":403,"column":3}},"49":{"start":{"line":254,"column":24},"end":{"line":254,"column":62}},"50":{"start":{"line":279,"column":18},"end":{"line":279,"column":37}},"51":{"start":{"line":313,"column":22},"end":{"line":313,"column":45}},"52":{"start":{"line":332,"column":12},"end":{"line":339,"column":14}},"53":{"start":{"line":364,"column":14},"end":{"line":364,"column":40}},"54":{"start":{"line":374,"column":16},"end":{"line":381,"column":18}},"55":{"start":{"line":405,"column":22},"end":{"line":405,"column":24}},"56":{"start":{"line":406,"column":0},"end":{"line":406,"column":27}},"57":{"start":{"line":408,"column":0},"end":{"line":408,"column":27}},"58":{"start":{"line":409,"column":0},"end":{"line":409,"column":45}}},"fnMap":{"0":{"name":"_toConsumableArray","decl":{"start":{"line":12,"column":9},"end":{"line":12,"column":27}},"loc":{"start":{"line":12,"column":31},"end":{"line":12,"column":145}},"line":12},"1":{"name":"_nonIterableSpread","decl":{"start":{"line":13,"column":9},"end":{"line":13,"column":27}},"loc":{"start":{"line":13,"column":30},"end":{"line":13,"column":190}},"line":13},"2":{"name":"_unsupportedIterableToArray","decl":{"start":{"line":14,"column":9},"end":{"line":14,"column":36}},"loc":{"start":{"line":14,"column":43},"end":{"line":14,"column":378}},"line":14},"3":{"name":"_iterableToArray","decl":{"start":{"line":15,"column":9},"end":{"line":15,"column":25}},"loc":{"start":{"line":15,"column":29},"end":{"line":15,"column":145}},"line":15},"4":{"name":"_arrayWithoutHoles","decl":{"start":{"line":16,"column":9},"end":{"line":16,"column":27}},"loc":{"start":{"line":16,"column":31},"end":{"line":16,"column":85}},"line":16},"5":{"name":"_arrayLikeToArray","decl":{"start":{"line":17,"column":9},"end":{"line":17,"column":26}},"loc":{"start":{"line":17,"column":33},"end":{"line":17,"column":148}},"line":17},"6":{"name":"data","decl":{"start":{"line":28,"column":17},"end":{"line":28,"column":21}},"loc":{"start":{"line":28,"column":24},"end":{"line":127,"column":3}},"line":28},"7":{"name":"filteredCoupons","decl":{"start":{"line":130,"column":30},"end":{"line":130,"column":45}},"loc":{"start":{"line":130,"column":48},"end":{"line":151,"column":5}},"line":130},"8":{"name":"(anonymous_8)","decl":{"start":{"line":137,"column":27},"end":{"line":137,"column":28}},"loc":{"start":{"line":139,"column":8},"end":{"line":141,"column":9}},"line":139},"9":{"name":"(anonymous_9)","decl":{"start":{"line":144,"column":27},"end":{"line":144,"column":28}},"loc":{"start":{"line":146,"column":8},"end":{"line":148,"column":9}},"line":146},"10":{"name":"favoriteCoupons","decl":{"start":{"line":153,"column":30},"end":{"line":153,"column":45}},"loc":{"start":{"line":153,"column":48},"end":{"line":164,"column":5}},"line":153},"11":{"name":"(anonymous_11)","decl":{"start":{"line":155,"column":33},"end":{"line":155,"column":34}},"loc":{"start":{"line":157,"column":6},"end":{"line":163,"column":7}},"line":157},"12":{"name":"favoriteCount","decl":{"start":{"line":166,"column":28},"end":{"line":166,"column":41}},"loc":{"start":{"line":166,"column":44},"end":{"line":168,"column":5}},"line":166},"13":{"name":"handleTabClick","decl":{"start":{"line":172,"column":29},"end":{"line":172,"column":43}},"loc":{"start":{"line":172,"column":46},"end":{"line":174,"column":5}},"line":172},"14":{"name":"filterCoupons","decl":{"start":{"line":176,"column":28},"end":{"line":176,"column":41}},"loc":{"start":{"line":176,"column":44},"end":{"line":176,"column":46}},"line":176},"15":{"name":"handleToggleFavorite","decl":{"start":{"line":178,"column":35},"end":{"line":178,"column":55}},"loc":{"start":{"line":178,"column":77},"end":{"line":201,"column":5}},"line":178},"16":{"name":"(anonymous_16)","decl":{"start":{"line":181,"column":28},"end":{"line":181,"column":29}},"loc":{"start":{"line":183,"column":8},"end":{"line":185,"column":9}},"line":183},"17":{"name":"(anonymous_17)","decl":{"start":{"line":193,"column":37},"end":{"line":193,"column":38}},"loc":{"start":{"line":195,"column":8},"end":{"line":197,"column":9}},"line":195},"18":{"name":"handleReceive","decl":{"start":{"line":203,"column":28},"end":{"line":203,"column":41}},"loc":{"start":{"line":203,"column":50},"end":{"line":226,"column":5}},"line":203},"19":{"name":"(anonymous_19)","decl":{"start":{"line":206,"column":41},"end":{"line":206,"column":42}},"loc":{"start":{"line":208,"column":6},"end":{"line":210,"column":7}},"line":208},"20":{"name":"(anonymous_20)","decl":{"start":{"line":216,"column":16},"end":{"line":216,"column":17}},"loc":{"start":{"line":216,"column":28},"end":{"line":222,"column":9}},"line":216},"21":{"name":"(anonymous_21)","decl":{"start":{"line":224,"column":17},"end":{"line":224,"column":18}},"loc":{"start":{"line":224,"column":29},"end":{"line":224,"column":31}},"line":224},"22":{"name":"render","decl":{"start":{"line":230,"column":22},"end":{"line":230,"column":28}},"loc":{"start":{"line":230,"column":31},"end":{"line":404,"column":1}},"line":230},"23":{"name":"(anonymous_23)","decl":{"start":{"line":253,"column":29},"end":{"line":253,"column":30}},"loc":{"start":{"line":253,"column":47},"end":{"line":255,"column":23}},"line":253},"24":{"name":"(anonymous_24)","decl":{"start":{"line":278,"column":26},"end":{"line":278,"column":27}},"loc":{"start":{"line":278,"column":41},"end":{"line":280,"column":17}},"line":278},"25":{"name":"(anonymous_25)","decl":{"start":{"line":312,"column":30},"end":{"line":312,"column":31}},"loc":{"start":{"line":312,"column":45},"end":{"line":314,"column":21}},"line":312},"26":{"name":"(anonymous_26)","decl":{"start":{"line":331,"column":38},"end":{"line":331,"column":39}},"loc":{"start":{"line":331,"column":56},"end":{"line":340,"column":11}},"line":331},"27":{"name":"(anonymous_27)","decl":{"start":{"line":363,"column":30},"end":{"line":363,"column":31}},"loc":{"start":{"line":363,"column":48},"end":{"line":365,"column":13}},"line":363},"28":{"name":"(anonymous_28)","decl":{"start":{"line":373,"column":42},"end":{"line":373,"column":43}},"loc":{"start":{"line":373,"column":60},"end":{"line":382,"column":15}},"line":373}},"branchMap":{"0":{"loc":{"start":{"line":12,"column":40},"end":{"line":12,"column":142}},"type":"binary-expr","locations":[{"start":{"line":12,"column":40},"end":{"line":12,"column":61}},{"start":{"line":12,"column":65},"end":{"line":12,"column":84}},{"start":{"line":12,"column":88},"end":{"line":12,"column":118}},{"start":{"line":12,"column":122},"end":{"line":12,"column":142}}],"line":12},"1":{"loc":{"start":{"line":14,"column":45},"end":{"line":14,"column":376}},"type":"if","locations":[{"start":{"line":14,"column":45},"end":{"line":14,"column":376}},{"start":{},"end":{}}],"line":14},"2":{"loc":{"start":{"line":14,"column":54},"end":{"line":14,"column":111}},"type":"if","locations":[{"start":{"line":14,"column":54},"end":{"line":14,"column":111}},{"start":{},"end":{}}],"line":14},"3":{"loc":{"start":{"line":14,"column":161},"end":{"line":14,"column":220}},"type":"binary-expr","locations":[{"start":{"line":14,"column":161},"end":{"line":14,"column":175}},{"start":{"line":14,"column":179},"end":{"line":14,"column":192}},{"start":{"line":14,"column":197},"end":{"line":14,"column":219}}],"line":14},"4":{"loc":{"start":{"line":14,"column":222},"end":{"line":14,"column":373}},"type":"cond-expr","locations":[{"start":{"line":14,"column":251},"end":{"line":14,"column":264}},{"start":{"line":14,"column":267},"end":{"line":14,"column":373}}],"line":14},"5":{"loc":{"start":{"line":14,"column":222},"end":{"line":14,"column":248}},"type":"binary-expr","locations":[{"start":{"line":14,"column":222},"end":{"line":14,"column":233}},{"start":{"line":14,"column":237},"end":{"line":14,"column":248}}],"line":14},"6":{"loc":{"start":{"line":14,"column":267},"end":{"line":14,"column":373}},"type":"cond-expr","locations":[{"start":{"line":14,"column":341},"end":{"line":14,"column":364}},{"start":{"line":14,"column":367},"end":{"line":14,"column":373}}],"line":14},"7":{"loc":{"start":{"line":14,"column":267},"end":{"line":14,"column":338}},"type":"binary-expr","locations":[{"start":{"line":14,"column":267},"end":{"line":14,"column":284}},{"start":{"line":14,"column":288},"end":{"line":14,"column":338}}],"line":14},"8":{"loc":{"start":{"line":15,"column":31},"end":{"line":15,"column":143}},"type":"if","locations":[{"start":{"line":15,"column":31},"end":{"line":15,"column":143}},{"start":{},"end":{}}],"line":15},"9":{"loc":{"start":{"line":15,"column":35},"end":{"line":15,"column":120}},"type":"binary-expr","locations":[{"start":{"line":15,"column":35},"end":{"line":15,"column":63}},{"start":{"line":15,"column":67},"end":{"line":15,"column":93}},{"start":{"line":15,"column":97},"end":{"line":15,"column":120}}],"line":15},"10":{"loc":{"start":{"line":16,"column":33},"end":{"line":16,"column":83}},"type":"if","locations":[{"start":{"line":16,"column":33},"end":{"line":16,"column":83}},{"start":{},"end":{}}],"line":16},"11":{"loc":{"start":{"line":17,"column":35},"end":{"line":17,"column":80}},"type":"binary-expr","locations":[{"start":{"line":17,"column":36},"end":{"line":17,"column":45}},{"start":{"line":17,"column":49},"end":{"line":17,"column":61}},{"start":{"line":17,"column":67},"end":{"line":17,"column":79}}],"line":17},"12":{"loc":{"start":{"line":136,"column":6},"end":{"line":142,"column":7}},"type":"if","locations":[{"start":{"line":136,"column":6},"end":{"line":142,"column":7}},{"start":{},"end":{}}],"line":136},"13":{"loc":{"start":{"line":143,"column":6},"end":{"line":149,"column":7}},"type":"if","locations":[{"start":{"line":143,"column":6},"end":{"line":149,"column":7}},{"start":{},"end":{}}],"line":143},"14":{"loc":{"start":{"line":154,"column":33},"end":{"line":154,"column":80}},"type":"binary-expr","locations":[{"start":{"line":154,"column":33},"end":{"line":154,"column":72}},{"start":{"line":154,"column":76},"end":{"line":154,"column":80}}],"line":154},"15":{"loc":{"start":{"line":179,"column":33},"end":{"line":179,"column":80}},"type":"binary-expr","locations":[{"start":{"line":179,"column":33},"end":{"line":179,"column":72}},{"start":{"line":179,"column":76},"end":{"line":179,"column":80}}],"line":179},"16":{"loc":{"start":{"line":180,"column":6},"end":{"line":199,"column":7}},"type":"if","locations":[{"start":{"line":180,"column":6},"end":{"line":199,"column":7}},{"start":{"line":192,"column":13},"end":{"line":199,"column":7}}],"line":180},"17":{"loc":{"start":{"line":181,"column":8},"end":{"line":190,"column":9}},"type":"if","locations":[{"start":{"line":181,"column":8},"end":{"line":190,"column":9}},{"start":{},"end":{}}],"line":181},"18":{"loc":{"start":{"line":211,"column":6},"end":{"line":225,"column":7}},"type":"if","locations":[{"start":{"line":211,"column":6},"end":{"line":225,"column":7}},{"start":{},"end":{}}],"line":211},"19":{"loc":{"start":{"line":229,"column":18},"end":{"line":229,"column":99}},"type":"cond-expr","locations":[{"start":{"line":229,"column":58},"end":{"line":229,"column":81}},{"start":{"line":229,"column":84},"end":{"line":229,"column":99}}],"line":229},"20":{"loc":{"start":{"line":342,"column":10},"end":{"line":349,"column":22}},"type":"cond-expr","locations":[{"start":{"line":343,"column":14},"end":{"line":348,"column":15}},{"start":{"line":349,"column":14},"end":{"line":349,"column":22}}],"line":342},"21":{"loc":{"start":{"line":384,"column":14},"end":{"line":395,"column":26}},"type":"cond-expr","locations":[{"start":{"line":385,"column":18},"end":{"line":394,"column":19}},{"start":{"line":395,"column":18},"end":{"line":395,"column":26}}],"line":384}},"s":{"0":1,"1":1,"2":16,"3":0,"4":0,"5":0,"6":0,"7":0,"8":0,"9":0,"10":0,"11":16,"12":16,"13":16,"14":16,"15":16,"16":16,"17":128,"18":16,"19":1,"20":11,"21":16,"22":16,"23":4,"24":16,"25":2,"26":16,"27":11,"28":11,"29":11,"30":0,"31":3,"32":3,"33":2,"34":2,"35":2,"36":1,"37":1,"38":3,"39":1,"40":1,"41":1,"42":0,"43":0,"44":1,"45":1,"46":16,"47":16,"48":16,"49":0,"50":4,"51":0,"52":102,"53":0,"54":0,"55":1,"56":1,"57":1,"58":1},"f":{"0":16,"1":0,"2":0,"3":0,"4":16,"5":16,"6":11,"7":16,"8":32,"9":10,"10":11,"11":88,"12":11,"13":0,"14":0,"15":3,"16":0,"17":1,"18":1,"19":1,"20":0,"21":0,"22":16,"23":0,"24":4,"25":0,"26":102,"27":0,"28":0},"b":{"0":[16,0,0,0],"1":[0,0],"2":[0,0],"3":[0,0,0],"4":[0,0],"5":[0,0],"6":[0,0],"7":[0,0],"8":[0,0],"9":[0,0,0],"10":[16,0],"11":[16,0,16],"12":[4,12],"13":[2,14],"14":[11,11],"15":[3,2],"16":[2,1],"17":[2,0],"18":[1,0],"19":[0,1],"20":[0,16],"21":[16,0]},"inputSourceMap":{"0":"{","1":"\"","2":"v","3":"e","4":"r","5":"s","6":"i","7":"o","8":"n","9":"\"","10":":","11":"3","12":",","13":"\"","14":"s","15":"o","16":"u","17":"r","18":"c","19":"e","20":"s","21":"\"","22":":","23":"[","24":"\"","25":"/","26":"U","27":"s","28":"e","29":"r","30":"s","31":"/","32":"l","33":"i","34":"z","35":"h","36":"e","37":"n","38":"h","39":"u","40":"/","41":"D","42":"e","43":"s","44":"k","45":"t","46":"o","47":"p","48":"/","49":"z","50":"h","51":"i","52":"h","53":"e","54":"-","55":"0","56":"5","57":"0","58":"8","59":"-","60":"4","61":"/","62":"m","63":"a","64":"l","65":"l","66":"-","67":"c","68":"o","69":"u","70":"p","71":"o","72":"n","73":"-","74":"w","75":"a","76":"l","77":"l","78":"/","79":"s","80":"r","81":"c","82":"/","83":"A","84":"p","85":"p","86":".","87":"v","88":"u","89":"e","90":"\"","91":"]","92":",","93":"\"","94":"n","95":"a","96":"m","97":"e","98":"s","99":"\"","100":":","101":"[","102":"]","103":",","104":"\"","105":"m","106":"a","107":"p","108":"p","109":"i","110":"n","111":"g","112":"s","113":"\"","114":":","115":"\"","116":";","117":";","118":";","119":";","120":";","121":";","122":";","123":"A","124":"A","125":"6","126":"D","127":"A","128":";","129":"A","130":"A","131":"A","132":"A","133":";","134":"A","135":"A","136":"A","137":"A","138":";","139":"A","140":"A","141":"A","142":"o","143":"D","144":";","145":"A","146":"A","147":"A","148":"A","149":";","150":"A","151":"A","152":"A","153":"A","154":";","155":"A","156":"A","157":"A","158":"A","159":";","160":"A","161":"A","162":"A","163":"A","164":";","165":"A","166":"A","167":"A","168":"A","169":";","170":"A","171":"A","172":"A","173":"A","174":";","175":"A","176":"A","177":"A","178":"A","179":",","180":"o","181":"C","182":"A","183":"E","184":"r","185":"C","186":";","187":"E","188":"A","189":"C","190":"b","191":",","192":"I","193":"A","194":"A","195":"I","196":",","197":"E","198":"A","199":"A","200":"E","201":",","202":"K","203":"A","204":"A","205":"K","206":";","207":"E","208":"A","209":"C","210":"X","211":",","212":"U","213":"A","214":"A","215":"U","216":",","217":"E","218":"A","219":"A","220":"E","221":";","222":"I","223":"A","224":"C","225":"V","226":",","227":"U","228":"A","229":"A","230":"U","231":";","232":"I","233":"A","234":"A","235":"V","236":";","237":"I","238":"A","239":"A","240":"A","241":";","242":"I","243":"A","244":"A","245":"A","246":";","247":"I","248":"A","249":"A","250":"A","251":";","252":"E","253":"A","254":"C","255":"F","256":",","257":"C","258":"A","259":"A","260":"C","261":";","262":"E","263":"A","264":"A","265":"A","266":";","267":"E","268":"A","269":"C","270":"D","271":",","272":"I","273":"A","274":"A","275":"I","276":",","277":"W","278":"A","279":"A","280":"J","281":",","282":"I","283":"A","284":"A","285":"I","286":",","287":"G","288":"A","289":"A","290":"G","291":";","292":"I","293":"A","294":"C","295":"L","296":",","297":"O","298":"A","299":"A","300":"O","301":";","302":"M","303":"A","304":"C","305":"L","306":",","307":"S","308":"A","309":"A","310":"S","311":",","312":"E","313":"A","314":"A","315":"E","316":",","317":"K","318":"A","319":"A","320":"K","321":";","322":"M","323":"A","324":"C","325":"h","326":"B","327":",","328":"a","329":"A","330":"A","331":"a","332":",","333":"E","334":"A","335":"A","336":"E","337":",","338":"K","339":"A","340":"A","341":"K","342":";","343":"M","344":"A","345":"C","346":"p","347":"B","348":",","349":"a","350":"A","351":"A","352":"a","353":",","354":"E","355":"A","356":"A","357":"E","358":",","359":"K","360":"A","361":"A","362":"K","363":";","364":"M","365":"A","366":"C","367":"p","368":"B","369":",","370":"O","371":"A","372":"A","373":"O","374":",","375":"E","376":"A","377":"A","378":"E","379":",","380":"C","381":"A","382":"C","383":"P","384":";","385":"Q","386":"A","387":"C","388":"E","389":",","390":"E","391":"A","392":"A","393":"E","394":",","395":"E","396":"A","397":"A","398":"E","399":",","400":"C","401":"A","402":"A","403":"C","404":";","405":"Q","406":"A","407":"C","408":"L","409":",","410":"I","411":"A","412":"A","413":"I","414":",","415":"E","416":"A","417":"A","418":"E","419":",","420":"O","421":"A","422":"A","423":"O","424":";","425":"Q","426":"A","427":"C","428":"b","429":",","430":"K","431":"A","432":"A","433":"K","434":",","435":"E","436":"A","437":"A","438":"E","439":",","440":"E","441":"A","442":"A","443":"E","444":";","445":"Q","446":"A","447":"C","448":"T","449":",","450":"S","451":"A","452":"A","453":"S","454":",","455":"E","456":"A","457":"A","458":"E","459":",","460":"G","461":"A","462":"A","463":"G","464":";","465":"Q","466":"A","467":"C","468":"d","469":",","470":"I","471":"A","472":"A","473":"I","474":",","475":"E","476":"A","477":"A","478":"E","479":",","480":"S","481":"A","482":"A","483":"S","484":";","485":"Q","486":"A","487":"C","488":"f","489":",","490":"G","491":"A","492":"A","493":"G","494":",","495":"E","496":"A","497":"A","498":"E","499":",","500":"I","501":"A","502":"A","503":"I","504":";","505":"Q","506":"A","507":"C","508":"T","509":",","510":"S","511":"A","512":"A","513":"S","514":",","515":"E","516":"A","517":"A","518":"E","519":",","520":"y","521":"B","522":"A","523":"A","524":"y","525":"B","526":";","527":"Q","528":"A","529":"C","530":"p","531":"C","532":",","533":"W","534":"A","535":"A","536":"W","537":",","538":"E","539":"A","540":"A","541":"E","542":",","543":"c","544":"A","545":"A","546":"c","547":";","548":"Q","549":"A","550":"C","551":"3","552":"B","553":",","554":"K","555":"A","556":"A","557":"K","558":",","559":"E","560":"A","561":"A","562":"E","563":",","564":"M","565":"A","566":"A","567":"M","568":";","569":"Q","570":"A","571":"C","572":"b","573":",","574":"O","575":"A","576":"A","577":"O","578":",","579":"E","580":"A","581":"A","582":"E","583":",","584":"K","585":"A","586":"A","587":"K","588":";","589":"Q","590":"A","591":"C","592":"d","593":",","594":"Q","595":"A","596":"A","597":"Q","598":",","599":"E","600":"A","601":"A","602":"E","603":";","604":"M","605":"A","606":"C","607":"Z","608":",","609":"C","610":"A","611":"A","612":"C","613":",","614":"E","615":"A","616":"C","617":"D","618":";","619":"Q","620":"A","621":"C","622":"E","623":",","624":"E","625":"A","626":"A","627":"E","628":",","629":"E","630":"A","631":"A","632":"E","633":",","634":"C","635":"A","636":"A","637":"C","638":";","639":"Q","640":"A","641":"C","642":"L","643":",","644":"I","645":"A","646":"A","647":"I","648":",","649":"E","650":"A","651":"A","652":"E","653":",","654":"Q","655":"A","656":"A","657":"Q","658":";","659":"Q","660":"A","661":"C","662":"d","663":",","664":"K","665":"A","666":"A","667":"K","668":",","669":"E","670":"A","671":"A","672":"E","673":",","674":"G","675":"A","676":"A","677":"G","678":";","679":"Q","680":"A","681":"C","682":"V","683":",","684":"S","685":"A","686":"A","687":"S","688":",","689":"E","690":"A","691":"A","692":"E","693":",","694":"G","695":"A","696":"A","697":"G","698":";","699":"Q","700":"A","701":"C","702":"d","703":",","704":"I","705":"A","706":"A","707":"I","708":",","709":"E","710":"A","711":"A","712":"E","713":",","714":"M","715":"A","716":"A","717":"M","718":";","719":"Q","720":"A","721":"C","722":"Z","723":",","724":"G","725":"A","726":"A","727":"G","728":",","729":"E","730":"A","731":"A","732":"E","733":",","734":"I","735":"A","736":"A","737":"I","738":";","739":"Q","740":"A","741":"C","742":"T","743":",","744":"S","745":"A","746":"A","747":"S","748":",","749":"E","750":"A","751":"A","752":"E","753":",","754":"y","755":"B","756":"A","757":"A","758":"y","759":"B","760":";","761":"Q","762":"A","763":"C","764":"p","765":"C","766":",","767":"W","768":"A","769":"A","770":"W","771":",","772":"E","773":"A","774":"A","775":"E","776":",","777":"Y","778":"A","779":"A","780":"Y","781":";","782":"Q","783":"A","784":"C","785":"z","786":"B","787":",","788":"K","789":"A","790":"A","791":"K","792":",","793":"E","794":"A","795":"A","796":"E","797":",","798":"M","799":"A","800":"A","801":"M","802":";","803":"Q","804":"A","805":"C","806":"b","807":",","808":"O","809":"A","810":"A","811":"O","812":",","813":"E","814":"A","815":"A","816":"E","817":",","818":"K","819":"A","820":"A","821":"K","822":";","823":"Q","824":"A","825":"C","826":"d","827":",","828":"Q","829":"A","830":"A","831":"Q","832":",","833":"E","834":"A","835":"A","836":"E","837":";","838":"M","839":"A","840":"C","841":"Z","842":",","843":"C","844":"A","845":"A","846":"C","847":",","848":"E","849":"A","850":"C","851":"D","852":";","853":"Q","854":"A","855":"C","856":"E","857":",","858":"E","859":"A","860":"A","861":"E","862":",","863":"E","864":"A","865":"A","866":"E","867":",","868":"C","869":"A","870":"A","871":"C","872":";","873":"Q","874":"A","875":"C","876":"L","877":",","878":"I","879":"A","880":"A","881":"I","882":",","883":"E","884":"A","885":"A","886":"E","887":",","888":"O","889":"A","890":"A","891":"O","892":";","893":"Q","894":"A","895":"C","896":"b","897":",","898":"K","899":"A","900":"A","901":"K","902":",","903":"E","904":"A","905":"A","906":"E","907":",","908":"E","909":"A","910":"A","911":"E","912":";","913":"Q","914":"A","915":"C","916":"T","917":",","918":"S","919":"A","920":"A","921":"S","922":",","923":"E","924":"A","925":"A","926":"E","927":",","928":"G","929":"A","930":"A","931":"G","932":";","933":"Q","934":"A","935":"C","936":"d","937":",","938":"I","939":"A","940":"A","941":"I","942":",","943":"E","944":"A","945":"A","946":"E","947":",","948":"U","949":"A","950":"A","951":"U","952":";","953":"Q","954":"A","955":"C","956":"h","957":"B","958":",","959":"S","960":"A","961":"A","962":"S","963":",","964":"E","965":"A","966":"A","967":"E","968":",","969":"y","970":"B","971":"A","972":"A","973":"y","974":"B","975":";","976":"Q","977":"A","978":"C","979":"p","980":"C","981":",","982":"W","983":"A","984":"A","985":"W","986":",","987":"E","988":"A","989":"A","990":"E","991":",","992":"U","993":"A","994":"A","995":"U","996":";","997":"Q","998":"A","999":"C","1000":"v","1001":"B","1002":",","1003":"K","1004":"A","1005":"A","1006":"K","1007":",","1008":"E","1009":"A","1010":"A","1011":"E","1012":",","1013":"Y","1014":"A","1015":"A","1016":"Y","1017":";","1018":"Q","1019":"A","1020":"C","1021":"n","1022":"B","1023":",","1024":"O","1025":"A","1026":"A","1027":"O","1028":",","1029":"E","1030":"A","1031":"A","1032":"E","1033":",","1034":"K","1035":"A","1036":"A","1037":"K","1038":";","1039":"Q","1040":"A","1041":"C","1042":"d","1043":",","1044":"Q","1045":"A","1046":"A","1047":"Q","1048":",","1049":"E","1050":"A","1051":"A","1052":"E","1053":";","1054":"M","1055":"A","1056":"C","1057":"Z","1058":",","1059":"C","1060":"A","1061":"A","1062":"C","1063":",","1064":"E","1065":"A","1066":"C","1067":"D","1068":";","1069":"Q","1070":"A","1071":"C","1072":"E","1073":",","1074":"E","1075":"A","1076":"A","1077":"E","1078":",","1079":"E","1080":"A","1081":"A","1082":"E","1083":",","1084":"C","1085":"A","1086":"A","1087":"C","1088":";","1089":"Q","1090":"A","1091":"C","1092":"L","1093":",","1094":"I","1095":"A","1096":"A","1097":"I","1098":",","1099":"E","1100":"A","1101":"A","1102":"E","1103":",","1104":"O","1105":"A","1106":"A","1107":"O","1108":";","1109":"Q","1110":"A","1111":"C","1112":"b","1113":",","1114":"K","1115":"A","1116":"A","1117":"K","1118":",","1119":"E","1120":"A","1121":"A","1122":"E","1123":",","1124":"E","1125":"A","1126":"A","1127":"E","1128":";","1129":"Q","1130":"A","1131":"C","1132":"T","1133":",","1134":"S","1135":"A","1136":"A","1137":"S","1138":",","1139":"E","1140":"A","1141":"A","1142":"E","1143":",","1144":"G","1145":"A","1146":"A","1147":"G","1148":";","1149":"Q","1150":"A","1151":"C","1152":"d","1153":",","1154":"I","1155":"A","1156":"A","1157":"I","1158":",","1159":"E","1160":"A","1161":"A","1162":"E","1163":",","1164":"U","1165":"A","1166":"A","1167":"U","1168":";","1169":"Q","1170":"A","1171":"C","1172":"h","1173":"B","1174":",","1175":"S","1176":"A","1177":"A","1178":"S","1179":",","1180":"E","1181":"A","1182":"A","1183":"E","1184":",","1185":"y","1186":"B","1187":"A","1188":"A","1189":"y","1190":"B","1191":";","1192":"Q","1193":"A","1194":"C","1195":"p","1196":"C","1197":",","1198":"W","1199":"A","1200":"A","1201":"W","1202":",","1203":"E","1204":"A","1205":"A","1206":"E","1207":",","1208":"U","1209":"A","1210":"A","1211":"U","1212":";","1213":"Q","1214":"A","1215":"C","1216":"v","1217":"B","1218":",","1219":"K","1220":"A","1221":"A","1222":"K","1223":",","1224":"E","1225":"A","1226":"A","1227":"E","1228":",","1229":"U","1230":"A","1231":"A","1232":"U","1233":";","1234":"Q","1235":"A","1236":"C","1237":"j","1238":"B","1239":",","1240":"O","1241":"A","1242":"A","1243":"O","1244":",","1245":"E","1246":"A","1247":"A","1248":"E","1249":",","1250":"K","1251":"A","1252":"A","1253":"K","1254":";","1255":"Q","1256":"A","1257":"C","1258":"d","1259":",","1260":"Q","1261":"A","1262":"A","1263":"Q","1264":",","1265":"E","1266":"A","1267":"A","1268":"E","1269":";","1270":"M","1271":"A","1272":"C","1273":"Z","1274":",","1275":"C","1276":"A","1277":"A","1278":"C","1279":",","1280":"E","1281":"A","1282":"C","1283":"D","1284":";","1285":"Q","1286":"A","1287":"C","1288":"E","1289":",","1290":"E","1291":"A","1292":"A","1293":"E","1294":",","1295":"E","1296":"A","1297":"A","1298":"E","1299":",","1300":"C","1301":"A","1302":"A","1303":"C","1304":";","1305":"Q","1306":"A","1307":"C","1308":"L","1309":",","1310":"I","1311":"A","1312":"A","1313":"I","1314":",","1315":"E","1316":"A","1317":"A","1318":"E","1319":",","1320":"O","1321":"A","1322":"A","1323":"O","1324":";","1325":"Q","1326":"A","1327":"C","1328":"b","1329":",","1330":"K","1331":"A","1332":"A","1333":"K","1334":",","1335":"E","1336":"A","1337":"A","1338":"E","1339":",","1340":"G","1341":"A","1342":"A","1343":"G","1344":";","1345":"Q","1346":"A","1347":"C","1348":"V","1349":",","1350":"S","1351":"A","1352":"A","1353":"S","1354":",","1355":"E","1356":"A","1357":"A","1358":"E","1359":",","1360":"I","1361":"A","1362":"A","1363":"I","1364":";","1365":"Q","1366":"A","1367":"C","1368":"f","1369":",","1370":"I","1371":"A","1372":"A","1373":"I","1374":",","1375":"E","1376":"A","1377":"A","1378":"E","1379":",","1380":"O","1381":"A","1382":"A","1383":"O","1384":";","1385":"Q","1386":"A","1387":"C","1388":"b","1389":",","1390":"G","1391":"A","1392":"A","1393":"G","1394":",","1395":"E","1396":"A","1397":"A","1398":"E","1399":",","1400":"I","1401":"A","1402":"A","1403":"I","1404":";","1405":"Q","1406":"A","1407":"C","1408":"T","1409":",","1410":"S","1411":"A","1412":"A","1413":"S","1414":",","1415":"E","1416":"A","1417":"A","1418":"E","1419":",","1420":"y","1421":"B","1422":"A","1423":"A","1424":"y","1425":"B","1426":";","1427":"Q","1428":"A","1429":"C","1430":"p","1431":"C","1432":",","1433":"W","1434":"A","1435":"A","1436":"W","1437":",","1438":"E","1439":"A","1440":"A","1441":"E","1442":",","1443":"W","1444":"A","1445":"A","1446":"W","1447":";","1448":"Q","1449":"A","1450":"C","1451":"x","1452":"B","1453":",","1454":"K","1455":"A","1456":"A","1457":"K","1458":",","1459":"E","1460":"A","1461":"A","1462":"E","1463":",","1464":"i","1465":"B","1466":"A","1467":"A","1468":"i","1469":"B","1470":";","1471":"Q","1472":"A","1473":"C","1474":"x","1475":"B","1476":",","1477":"O","1478":"A","1479":"A","1480":"O","1481":",","1482":"E","1483":"A","1484":"A","1485":"E","1486":",","1487":"I","1488":"A","1489":"A","1490":"I","1491":";","1492":"Q","1493":"A","1494":"C","1495":"b","1496":",","1497":"Q","1498":"A","1499":"A","1500":"Q","1501":",","1502":"E","1503":"A","1504":"A","1505":"E","1506":";","1507":"M","1508":"A","1509":"C","1510":"Z","1511":",","1512":"C","1513":"A","1514":"A","1515":"C","1516":",","1517":"E","1518":"A","1519":"C","1520":"D","1521":";","1522":"Q","1523":"A","1524":"C","1525":"E","1526":",","1527":"E","1528":"A","1529":"A","1530":"E","1531":",","1532":"E","1533":"A","1534":"A","1535":"E","1536":",","1537":"C","1538":"A","1539":"A","1540":"C","1541":";","1542":"Q","1543":"A","1544":"C","1545":"L","1546":",","1547":"I","1548":"A","1549":"A","1550":"I","1551":",","1552":"E","1553":"A","1554":"A","1555":"E","1556":",","1557":"O","1558":"A","1559":"A","1560":"O","1561":";","1562":"Q","1563":"A","1564":"C","1565":"b","1566":",","1567":"K","1568":"A","1569":"A","1570":"K","1571":",","1572":"E","1573":"A","1574":"A","1575":"E","1576":",","1577":"E","1578":"A","1579":"A","1580":"E","1581":";","1582":"Q","1583":"A","1584":"C","1585":"T","1586":",","1587":"S","1588":"A","1589":"A","1590":"S","1591":",","1592":"E","1593":"A","1594":"A","1595":"E","1596":",","1597":"G","1598":"A","1599":"A","1600":"G","1601":";","1602":"Q","1603":"A","1604":"C","1605":"d","1606":",","1607":"I","1608":"A","1609":"A","1610":"I","1611":",","1612":"E","1613":"A","1614":"A","1615":"E","1616":",","1617":"O","1618":"A","1619":"A","1620":"O","1621":";","1622":"Q","1623":"A","1624":"C","1625":"b","1626":",","1627":"S","1628":"A","1629":"A","1630":"S","1631":",","1632":"E","1633":"A","1634":"A","1635":"E","1636":",","1637":"y","1638":"B","1639":"A","1640":"A","1641":"y","1642":"B","1643":";","1644":"Q","1645":"A","1646":"C","1647":"p","1648":"C","1649":",","1650":"W","1651":"A","1652":"A","1653":"W","1654":",","1655":"E","1656":"A","1657":"A","1658":"E","1659":",","1660":"W","1661":"A","1662":"A","1663":"W","1664":";","1665":"Q","1666":"A","1667":"C","1668":"x","1669":"B","1670":",","1671":"K","1672":"A","1673":"A","1674":"K","1675":",","1676":"E","1677":"A","1678":"A","1679":"E","1680":",","1681":"c","1682":"A","1683":"A","1684":"c","1685":";","1686":"Q","1687":"A","1688":"C","1689":"r","1690":"B","1691":",","1692":"O","1693":"A","1694":"A","1695":"O","1696":",","1697":"E","1698":"A","1699":"A","1700":"E","1701":",","1702":"K","1703":"A","1704":"A","1705":"K","1706":";","1707":"Q","1708":"A","1709":"C","1710":"d","1711":",","1712":"Q","1713":"A","1714":"A","1715":"Q","1716":",","1717":"E","1718":"A","1719":"A","1720":"E","1721":";","1722":"M","1723":"A","1724":"C","1725":"Z","1726":",","1727":"C","1728":"A","1729":"A","1730":"C","1731":",","1732":"E","1733":"A","1734":"C","1735":"D","1736":";","1737":"Q","1738":"A","1739":"C","1740":"E","1741":",","1742":"E","1743":"A","1744":"A","1745":"E","1746":",","1747":"E","1748":"A","1749":"A","1750":"E","1751":",","1752":"C","1753":"A","1754":"A","1755":"C","1756":";","1757":"Q","1758":"A","1759":"C","1760":"L","1761":",","1762":"I","1763":"A","1764":"A","1765":"I","1766":",","1767":"E","1768":"A","1769":"A","1770":"E","1771":",","1772":"O","1773":"A","1774":"A","1775":"O","1776":";","1777":"Q","1778":"A","1779":"C","1780":"b","1781":",","1782":"K","1783":"A","1784":"A","1785":"K","1786":",","1787":"E","1788":"A","1789":"A","1790":"E","1791":",","1792":"E","1793":"A","1794":"A","1795":"E","1796":";","1797":"Q","1798":"A","1799":"C","1800":"T","1801":",","1802":"S","1803":"A","1804":"A","1805":"S","1806":",","1807":"E","1808":"A","1809":"A","1810":"E","1811":",","1812":"E","1813":"A","1814":"A","1815":"E","1816":";","1817":"Q","1818":"A","1819":"C","1820":"b","1821":",","1822":"I","1823":"A","1824":"A","1825":"I","1826":",","1827":"E","1828":"A","1829":"A","1830":"E","1831":",","1832":"U","1833":"A","1834":"A","1835":"U","1836":";","1837":"Q","1838":"A","1839":"C","1840":"h","1841":"B","1842":",","1843":"S","1844":"A","1845":"A","1846":"S","1847":",","1848":"E","1849":"A","1850":"A","1851":"E","1852":",","1853":"y","1854":"B","1855":"A","1856":"A","1857":"y","1858":"B","1859":";","1860":"Q","1861":"A","1862":"C","1863":"p","1864":"C","1865":",","1866":"W","1867":"A","1868":"A","1869":"W","1870":",","1871":"E","1872":"A","1873":"A","1874":"E","1875":",","1876":"U","1877":"A","1878":"A","1879":"U","1880":";","1881":"Q","1882":"A","1883":"C","1884":"v","1885":"B","1886":",","1887":"K","1888":"A","1889":"A","1890":"K","1891":",","1892":"E","1893":"A","1894":"A","1895":"E","1896":",","1897":"U","1898":"A","1899":"A","1900":"U","1901":";","1902":"Q","1903":"A","1904":"C","1905":"j","1906":"B","1907":",","1908":"O","1909":"A","1910":"A","1911":"O","1912":",","1913":"E","1914":"A","1915":"A","1916":"E","1917":",","1918":"K","1919":"A","1920":"A","1921":"K","1922":";","1923":"Q","1924":"A","1925":"C","1926":"d","1927":",","1928":"Q","1929":"A","1930":"A","1931":"Q","1932":",","1933":"E","1934":"A","1935":"A","1936":"E","1937":";","1938":"M","1939":"A","1940":"C","1941":"Z","1942":",","1943":"C","1944":"A","1945":"A","1946":"C","1947":",","1948":"E","1949":"A","1950":"C","1951":"D","1952":";","1953":"Q","1954":"A","1955":"C","1956":"E","1957":",","1958":"E","1959":"A","1960":"A","1961":"E","1962":",","1963":"E","1964":"A","1965":"A","1966":"E","1967":",","1968":"C","1969":"A","1970":"A","1971":"C","1972":";","1973":"Q","1974":"A","1975":"C","1976":"L","1977":",","1978":"I","1979":"A","1980":"A","1981":"I","1982":",","1983":"E","1984":"A","1985":"A","1986":"E","1987":",","1988":"O","1989":"A","1990":"A","1991":"O","1992":";","1993":"Q","1994":"A","1995":"C","1996":"b","1997":",","1998":"K","1999":"A","2000":"A","2001":"K","2002":",","2003":"E","2004":"A","2005":"A","2006":"E","2007":",","2008":"E","2009":"A","2010":"A","2011":"E","2012":";","2013":"Q","2014":"A","2015":"C","2016":"T","2017":",","2018":"S","2019":"A","2020":"A","2021":"S","2022":",","2023":"E","2024":"A","2025":"A","2026":"E","2027":",","2028":"G","2029":"A","2030":"A","2031":"G","2032":";","2033":"Q","2034":"A","2035":"C","2036":"d","2037":",","2038":"I","2039":"A","2040":"A","2041":"I","2042":",","2043":"E","2044":"A","2045":"A","2046":"E","2047":",","2048":"U","2049":"A","2050":"A","2051":"U","2052":";","2053":"Q","2054":"A","2055":"C","2056":"h","2057":"B","2058":",","2059":"G","2060":"A","2061":"A","2062":"G","2063":",","2064":"E","2065":"A","2066":"A","2067":"E","2068":",","2069":"I","2070":"A","2071":"A","2072":"I","2073":";","2074":"Q","2075":"A","2076":"C","2077":"T","2078":",","2079":"S","2080":"A","2081":"A","2082":"S","2083":",","2084":"E","2085":"A","2086":"A","2087":"E","2088":",","2089":"y","2090":"B","2091":"A","2092":"A","2093":"y","2094":"B","2095":";","2096":"Q","2097":"A","2098":"C","2099":"p","2100":"C","2101":",","2102":"W","2103":"A","2104":"A","2105":"W","2106":",","2107":"E","2108":"A","2109":"A","2110":"E","2111":",","2112":"U","2113":"A","2114":"A","2115":"U","2116":";","2117":"Q","2118":"A","2119":"C","2120":"v","2121":"B","2122":",","2123":"K","2124":"A","2125":"A","2126":"K","2127":",","2128":"E","2129":"A","2130":"A","2131":"E","2132":",","2133":"c","2134":"A","2135":"A","2136":"c","2137":";","2138":"Q","2139":"A","2140":"C","2141":"r","2142":"B","2143":",","2144":"O","2145":"A","2146":"A","2147":"O","2148":",","2149":"E","2150":"A","2151":"A","2152":"E","2153":",","2154":"K","2155":"A","2156":"A","2157":"K","2158":";","2159":"Q","2160":"A","2161":"C","2162":"d","2163":",","2164":"Q","2165":"A","2166":"A","2167":"Q","2168":",","2169":"E","2170":"A","2171":"A","2172":"E","2173":";","2174":"M","2175":"A","2176":"C","2177":"Z","2178":",","2179":"C","2180":"A","2181":"A","2182":"C","2183":";","2184":"I","2185":"A","2186":"E","2187":"L","2188":",","2189":"C","2190":"A","2191":"A","2192":"C","2193":";","2194":"E","2195":"A","2196":"C","2197":"H","2198":",","2199":"C","2200":"A","2201":"A","2202":"C","2203":";","2204":"E","2205":"A","2206":"C","2207":"D","2208":",","2209":"Q","2210":"A","2211":"A","2212":"Q","2213":",","2214":"E","2215":"A","2216":"A","2217":"E","2218":";","2219":"I","2220":"A","2221":"A","2222":"A","2223":";","2224":"I","2225":"A","2226":"C","2227":"R","2228":",","2229":"e","2230":"A","2231":"A","2232":"e","2233":",","2234":"W","2235":"A","2236":"A","2237":"f","2238":",","2239":"e","2240":"A","2241":"A","2242":"e","2243":",","2244":"G","2245":"A","2246":"A","2247":"G","2248":";","2249":"M","2250":"A","2251":"A","2252":"A","2253":";","2254":"M","2255":"A","2256":"A","2257":"A","2258":";","2259":"M","2260":"A","2261":"C","2262":"h","2263":"B","2264":",","2265":"I","2266":"A","2267":"A","2268":"I","2269":",","2270":"I","2271":"A","2272":"A","2273":"I","2274":";","2275":"M","2276":"A","2277":"A","2278":"A","2279":";","2280":"M","2281":"A","2282":"A","2283":"A","2284":",","2285":"m","2286":"B","2287":"A","2288":"A","2289":"O","2290":",","2291":"I","2292":"A","2293":"A","2294":"I","2295":",","2296":"C","2297":"A","2298":"A","2299":"C","2300":",","2301":"O","2302":"A","2303":"A","2304":"O","2305":",","2306":"C","2307":"A","2308":"A","2309":"C","2310":";","2311":"M","2312":"A","2313":"C","2314":"5","2315":"B","2316":",","2317":"I","2318":"A","2319":"A","2320":"I","2321":",","2322":"I","2323":"A","2324":"A","2325":"I","2326":",","2327":"C","2328":"A","2329":"A","2330":"C","2331":",","2332":"S","2333":"A","2334":"A","2335":"S","2336":",","2337":"K","2338":"A","2339":"A","2340":"K","2341":",","2342":"K","2343":"A","2344":"A","2345":"K","2346":",","2347":"E","2348":"A","2349":"A","2350":"E","2351":";","2352":"Q","2353":"A","2354":"C","2355":"5","2356":"B","2357":",","2358":"I","2359":"A","2360":"A","2361":"I","2362":",","2363":"G","2364":"A","2365":"A","2366":"G","2367":",","2368":"I","2369":"A","2370":"A","2371":"I","2372":",","2373":"C","2374":"A","2375":"A","2376":"C","2377":",","2378":"M","2379":"A","2380":"A","2381":"M","2382":",","2383":"C","2384":"A","2385":"A","2386":"C","2387":",","2388":"c","2389":"A","2390":"A","2391":"I","2392":";","2393":"Q","2394":"A","2395":"A","2396":"A","2397":";","2398":"Q","2399":"A","2400":"A","2401":"A","2402":";","2403":"U","2404":"A","2405":"A","2406":"A","2407":",","2408":"O","2409":"A","2410":"A","2411":"I","2412":",","2413":"I","2414":"A","2415":"A","2416":"I","2417":",","2418":"C","2419":"A","2420":"A","2421":"C","2422":",","2423":"I","2424":"A","2425":"A","2426":"I","2427":",","2428":"K","2429":"A","2430":"A","2431":"K","2432":",","2433":"K","2434":"A","2435":"A","2436":"I","2437":",","2438":"C","2439":"A","2440":"A","2441":"C","2442":",","2443":"S","2444":"A","2445":"A","2446":"S","2447":";","2448":"Q","2449":"A","2450":"A","2451":"A","2452":",","2453":"E","2454":"A","2455":"A","2456":"C","2457":";","2458":"M","2459":"A","2460":"C","2461":"1","2462":"D","2463":";","2464":"M","2465":"A","2466":"C","2467":"A","2468":",","2469":"I","2470":"A","2471":"A","2472":"I","2473":",","2474":"I","2475":"A","2476":"A","2477":"I","2478":",","2479":"C","2480":"A","2481":"A","2482":"C","2483":",","2484":"a","2485":"A","2486":"A","2487":"a","2488":",","2489":"E","2490":"A","2491":"A","2492":"E","2493":";","2494":"Q","2495":"A","2496":"C","2497":"t","2498":"B","2499":",","2500":"I","2501":"A","2502":"A","2503":"I","2504":",","2505":"G","2506":"A","2507":"A","2508":"G","2509":",","2510":"I","2511":"A","2512":"A","2513":"I","2514":",","2515":"C","2516":"A","2517":"A","2518":"C","2519":",","2520":"M","2521":"A","2522":"A","2523":"M","2524":",","2525":"C","2526":"A","2527":"A","2528":"C","2529":",","2530":"c","2531":"A","2532":"A","2533":"I","2534":";","2535":"Q","2536":"A","2537":"A","2538":"A","2539":";","2540":"Q","2541":"A","2542":"A","2543":"A","2544":";","2545":"U","2546":"A","2547":"A","2548":"A","2549":",","2550":"O","2551":"A","2552":"A","2553":"I","2554":",","2555":"C","2556":"A","2557":"A","2558":"C","2559":",","2560":"I","2561":"A","2562":"A","2563":"I","2564":",","2565":"C","2566":"A","2567":"A","2568":"C","2569":",","2570":"O","2571":"A","2572":"A","2573":"O","2574":";","2575":"Q","2576":"A","2577":"A","2578":"A","2579":",","2580":"E","2581":"A","2582":"A","2583":"C","2584":";","2585":"M","2586":"A","2587":"C","2588":"3","2589":"C","2590":";","2591":"M","2592":"A","2593":"C","2594":"A","2595":",","2596":"O","2597":"A","2598":"A","2599":"O","2600":",","2601":"I","2602":"A","2603":"A","2604":"I","2605":";","2606":"I","2607":"A","2608":"C","2609":"b","2610":",","2611":"C","2612":"A","2613":"A","2614":"C","2615":";","2616":"I","2617":"A","2618":"A","2619":"A","2620":";","2621":"I","2622":"A","2623":"C","2624":"D","2625":",","2626":"e","2627":"A","2628":"A","2629":"e","2630":",","2631":"W","2632":"A","2633":"A","2634":"f","2635":",","2636":"e","2637":"A","2638":"A","2639":"e","2640":",","2641":"G","2642":"A","2643":"A","2644":"G","2645":";","2646":"M","2647":"A","2648":"C","2649":"h","2650":"B","2651":",","2652":"I","2653":"A","2654":"A","2655":"M","2656":",","2657":"S","2658":"A","2659":"A","2660":"S","2661":",","2662":"G","2663":"A","2664":"A","2665":"G","2666":",","2667":"I","2668":"A","2669":"A","2670":"I","2671":",","2672":"C","2673":"A","2674":"A","2675":"C","2676":",","2677":"K","2678":"A","2679":"A","2680":"K","2681":",","2682":"C","2683":"A","2684":"A","2685":"C","2686":",","2687":"Y","2688":"A","2689":"A","2690":"Y","2691":",","2692":"C","2693":"A","2694":"A","2695":"C","2696":",","2697":"O","2698":"A","2699":"A","2700":"O","2701":",","2702":"C","2703":"A","2704":"A","2705":"C","2706":",","2707":"i","2708":"B","2709":"A","2710":"A","2711":"i","2712":"B","2713":",","2714":"C","2715":"A","2716":"A","2717":"C","2718":",","2719":"I","2720":"A","2721":"A","2722":"I","2723":",","2724":"I","2725":"A","2726":"A","2727":"I","2728":",","2729":"C","2730":"A","2731":"A","2732":"C","2733":";","2734":"M","2735":"A","2736":"C","2737":"7","2738":"E","2739":",","2740":"O","2741":"A","2742":"A","2743":"O","2744":",","2745":"I","2746":"A","2747":"A","2748":"I","2749":",","2750":"C","2751":"A","2752":"A","2753":"C","2754":",","2755":"O","2756":"A","2757":"A","2758":"O","2759":",","2760":"C","2761":"A","2762":"A","2763":"C","2764":",","2765":"M","2766":"A","2767":"A","2768":"M","2769":",","2770":"C","2771":"A","2772":"A","2773":"C","2774":",","2775":"g","2776":"B","2777":"A","2778":"A","2779":"M","2780":";","2781":"M","2782":"A","2783":"A","2784":"A","2785":";","2786":"M","2787":"A","2788":"A","2789":"A","2790":";","2791":"Q","2792":"A","2793":"A","2794":"A","2795":",","2796":"O","2797":"A","2798":"C","2799":"/","2800":"B","2801":",","2802":"S","2803":"A","2804":"A","2805":"S","2806":",","2807":"C","2808":"A","2809":"A","2810":"C","2811":",","2812":"I","2813":"A","2814":"A","2815":"I","2816":",","2817":"C","2818":"A","2819":"A","2820":"C","2821":",","2822":"a","2823":"A","2824":"A","2825":"G","2826":";","2827":"Q","2828":"A","2829":"A","2830":"A","2831":";","2832":"Q","2833":"A","2834":"A","2835":"A","2836":";","2837":"U","2838":"A","2839":"A","2840":"A","2841":",","2842":"O","2843":"A","2844":"A","2845":"I","2846":",","2847":"G","2848":"A","2849":"A","2850":"G","2851":",","2852":"C","2853":"A","2854":"A","2855":"C","2856":",","2857":"E","2858":"A","2859":"A","2860":"E","2861":",","2862":"K","2863":"A","2864":"A","2865":"K","2866":",","2867":"M","2868":"A","2869":"A","2870":"M","2871":",","2872":"C","2873":"A","2874":"A","2875":"C","2876":",","2877":"E","2878":"A","2879":"A","2880":"E","2881":";","2882":"Q","2883":"A","2884":"A","2885":"A","2886":",","2887":"E","2888":"A","2889":"A","2890":"C","2891":";","2892":"M","2893":"A","2894":"A","2895":"A","2896":",","2897":"C","2898":"A","2899":"C","2900":"7","2901":"C","2902":",","2903":"C","2904":"A","2905":"A","2906":"C","2907":";","2908":"I","2909":"A","2910":"C","2911":"H","2912":",","2913":"C","2914":"A","2915":"A","2916":"C","2917":";","2918":"I","2919":"A","2920":"A","2921":"A","2922":";","2923":"I","2924":"A","2925":"C","2926":"D","2927":",","2928":"a","2929":"A","2930":"A","2931":"a","2932":",","2933":"W","2934":"A","2935":"A","2936":"b","2937":",","2938":"a","2939":"A","2940":"A","2941":"a","2942":",","2943":"G","2944":"A","2945":"A","2946":"G","2947":";","2948":"M","2949":"A","2950":"C","2951":"d","2952":",","2953":"O","2954":"A","2955":"A","2956":"O","2957":",","2958":"I","2959":"A","2960":"A","2961":"I","2962":",","2963":"C","2964":"A","2965":"A","2966":"C","2967":",","2968":"e","2969":"A","2970":"A","2971":"e","2972":",","2973":"C","2974":"A","2975":"A","2976":"C","2977":",","2978":"M","2979":"A","2980":"A","2981":"M","2982":";","2983":"I","2984":"A","2985":"C","2986":"p","2987":"C","2988":";","2989":"E","2990":"A","2991":"C","2992":"F","2993":",","2994":"C","2995":"A","2996":"A","2997":"C","2998":";","2999":"E","3000":"A","3001":"C","3002":"D","3003":",","3004":"O","3005":"A","3006":"A","3007":"O","3008":",","3009":"E","3010":"A","3011":"A","3012":"E","3013":";","3014":"I","3015":"A","3016":"A","3017":"A","3018":";","3019":"I","3020":"A","3021":"C","3022":"P","3023":",","3024":"c","3025":"A","3026":"A","3027":"c","3028":",","3029":"W","3030":"A","3031":"A","3032":"d","3033":",","3034":"c","3035":"A","3036":"A","3037":"c","3038":",","3039":"G","3040":"A","3041":"A","3042":"G","3043":";","3044":"M","3045":"A","3046":"C","3047":"f","3048":",","3049":"I","3050":"A","3051":"A","3052":"I","3053":",","3054":"C","3055":"A","3056":"A","3057":"C","3058":",","3059":"a","3060":"A","3061":"A","3062":"a","3063":",","3064":"C","3065":"A","3066":"A","3067":"C","3068":",","3069":"C","3070":"A","3071":"A","3072":"C","3073":";","3074":"I","3075":"A","3076":"C","3077":"t","3078":"B","3079":",","3080":"C","3081":"A","3082":"A","3083":"C","3084":";","3085":"I","3086":"A","3087":"A","3088":"A","3089":";","3090":"I","3091":"A","3092":"C","3093":"D","3094":",","3095":"a","3096":"A","3097":"A","3098":"a","3099":",","3100":"W","3101":"A","3102":"A","3103":"b","3104":",","3105":"a","3106":"A","3107":"A","3108":"a","3109":",","3110":"G","3111":"A","3112":"A","3113":"G","3114":",","3115":"C","3116":"A","3117":"C","3118":"h","3119":"B","3120":",","3121":"C","3122":"A","3123":"A","3124":"C","3125":";","3126":"I","3127":"A","3128":"A","3129":"A","3130":";","3131":"I","3132":"A","3133":"C","3134":"D","3135":",","3136":"o","3137":"B","3138":"A","3139":"A","3140":"o","3141":"B","3142":",","3143":"W","3144":"A","3145":"A","3146":"p","3147":"B","3148":",","3149":"o","3150":"B","3151":"A","3152":"A","3153":"o","3154":"B","3155":",","3156":"C","3157":"A","3158":"A","3159":"C","3160":",","3161":"M","3162":"A","3163":"A","3164":"M","3165":",","3166":"E","3167":"A","3168":"A","3169":"E","3170":",","3171":"W","3172":"A","3173":"A","3174":"W","3175":",","3176":"E","3177":"A","3178":"A","3179":"E","3180":";","3181":"M","3182":"A","3183":"C","3184":"x","3185":"C","3186":",","3187":"I","3188":"A","3189":"A","3190":"I","3191":",","3192":"S","3193":"A","3194":"A","3195":"S","3196":",","3197":"G","3198":"A","3199":"A","3200":"G","3201":",","3202":"I","3203":"A","3204":"A","3205":"I","3206":",","3207":"C","3208":"A","3209":"A","3210":"C","3211":",","3212":"K","3213":"A","3214":"A","3215":"K","3216":",","3217":"C","3218":"A","3219":"A","3220":"C","3221":",","3222":"Y","3223":"A","3224":"A","3225":"Y","3226":",","3227":"C","3228":"A","3229":"A","3230":"C","3231":",","3232":"O","3233":"A","3234":"A","3235":"O","3236":",","3237":"C","3238":"A","3239":"A","3240":"C","3241":",","3242":"i","3243":"B","3244":"A","3245":"A","3246":"i","3247":"B","3248":",","3249":"C","3250":"A","3251":"A","3252":"C","3253":",","3254":"I","3255":"A","3256":"A","3257":"I","3258":",","3259":"I","3260":"A","3261":"A","3262":"I","3263":",","3264":"C","3265":"A","3266":"A","3267":"C","3268":";","3269":"M","3270":"A","3271":"C","3272":"3","3273":"E","3274":",","3275":"I","3276":"A","3277":"A","3278":"I","3279":",","3280":"W","3281":"A","3282":"A","3283":"W","3284":",","3285":"E","3286":"A","3287":"A","3288":"E","3289":";","3290":"Q","3291":"A","3292":"C","3293":"f","3294":",","3295":"I","3296":"A","3297":"A","3298":"I","3299":",","3300":"C","3301":"A","3302":"A","3303":"C","3304":",","3305":"S","3306":"A","3307":"A","3308":"S","3309":",","3310":"C","3311":"A","3312":"A","3313":"C","3314":",","3315":"I","3316":"A","3317":"A","3318":"I","3319":",","3320":"C","3321":"A","3322":"A","3323":"C","3324":",","3325":"c","3326":"A","3327":"A","3328":"I","3329":";","3330":"Q","3331":"A","3332":"A","3333":"A","3334":";","3335":"Q","3336":"A","3337":"A","3338":"A","3339":";","3340":"U","3341":"A","3342":"A","3343":"A","3344":",","3345":"O","3346":"A","3347":"A","3348":"I","3349":",","3350":"I","3351":"A","3352":"A","3353":"I","3354":",","3355":"C","3356":"A","3357":"A","3358":"C","3359":",","3360":"E","3361":"A","3362":"A","3363":"E","3364":",","3365":"K","3366":"A","3367":"A","3368":"K","3369":",","3370":"M","3371":"A","3372":"A","3373":"M","3374":",","3375":"C","3376":"A","3377":"A","3378":"C","3379":",","3380":"E","3381":"A","3382":"A","3383":"E","3384":";","3385":"Q","3386":"A","3387":"A","3388":"A","3389":",","3390":"E","3391":"A","3392":"A","3393":"C","3394":",","3395":"E","3396":"A","3397":"A","3398":"E","3399":";","3400":"U","3401":"A","3402":"C","3403":"l","3404":"D","3405":",","3406":"S","3407":"A","3408":"A","3409":"S","3410":",","3411":"C","3412":"A","3413":"A","3414":"C","3415":",","3416":"I","3417":"A","3418":"A","3419":"I","3420":",","3421":"C","3422":"A","3423":"A","3424":"C","3425":";","3426":"Y","3427":"A","3428":"A","3429":"E","3430":",","3431":"E","3432":"A","3433":"A","3434":"E","3435":",","3436":"E","3437":"A","3438":"A","3439":"E","3440":",","3441":"M","3442":"A","3443":"A","3444":"M","3445":",","3446":"C","3447":"A","3448":"A","3449":"C","3450":",","3451":"E","3452":"A","3453":"A","3454":"E","3455":";","3456":"Y","3457":"A","3458":"A","3459":"E","3460":",","3461":"I","3462":"A","3463":"A","3464":"I","3465":",","3466":"E","3467":"A","3468":"A","3469":"E","3470":",","3471":"I","3472":"A","3473":"A","3474":"I","3475":",","3476":"C","3477":"A","3478":"A","3479":"C","3480":",","3481":"G","3482":"A","3483":"A","3484":"G","3485":",","3486":"C","3487":"A","3488":"A","3489":"C","3490":";","3491":"U","3492":"A","3493":"A","3494":"E","3495":",","3496":"C","3497":"A","3498":"A","3499":"C","3500":",","3501":"C","3502":"A","3503":"A","3504":"C","3505":";","3506":"Q","3507":"A","3508":"C","3509":"r","3510":"D","3511":";","3512":"Q","3513":"A","3514":"C","3515":"A","3516":",","3517":"I","3518":"A","3519":"A","3520":"I","3521":",","3522":"C","3523":"A","3524":"A","3525":"C","3526":",","3527":"Q","3528":"A","3529":"A","3530":"Q","3531":",","3532":"C","3533":"A","3534":"A","3535":"C","3536":",","3537":"O","3538":"A","3539":"A","3540":"O","3541":",","3542":"C","3543":"A","3544":"A","3545":"C","3546":",","3547":"M","3548":"A","3549":"A","3550":"M","3551":",","3552":"C","3553":"A","3554":"A","3555":"C","3556":";","3557":"M","3558":"A","3559":"C","3560":"/","3561":"B","3562":",","3563":"C","3564":"A","3565":"A","3566":"C","3567":",","3568":"M","3569":"A","3570":"A","3571":"M","3572":";","3573":"Q","3574":"A","3575":"C","3576":"L","3577":",","3578":"S","3579":"A","3580":"A","3581":"S","3582":",","3583":"G","3584":"A","3585":"A","3586":"G","3587":",","3588":"S","3589":"A","3590":"A","3591":"S","3592":",","3593":"C","3594":"A","3595":"A","3596":"C","3597":",","3598":"M","3599":"A","3600":"A","3601":"M","3602":",","3603":"C","3604":"A","3605":"A","3606":"C","3607":",","3608":"c","3609":"A","3610":"A","3611":"I","3612":";","3613":"Q","3614":"A","3615":"A","3616":"A","3617":";","3618":"Q","3619":"A","3620":"A","3621":"A","3622":";","3623":"U","3624":"A","3625":"A","3626":"A","3627":",","3628":"O","3629":"A","3630":"A","3631":"I","3632":",","3633":"I","3634":"A","3635":"A","3636":"I","3637":",","3638":"C","3639":"A","3640":"A","3641":"C","3642":",","3643":"E","3644":"A","3645":"A","3646":"E","3647":",","3648":"K","3649":"A","3650":"A","3651":"K","3652":",","3653":"M","3654":"A","3655":"A","3656":"M","3657":",","3658":"C","3659":"A","3660":"A","3661":"C","3662":",","3663":"E","3664":"A","3665":"A","3666":"E","3667":";","3668":"Q","3669":"A","3670":"A","3671":"A","3672":",","3673":"E","3674":"A","3675":"A","3676":"C","3677":";","3678":"Q","3679":"A","3680":"C","3681":"3","3682":"D","3683":",","3684":"I","3685":"A","3686":"A","3687":"I","3688":",","3689":"C","3690":"A","3691":"A","3692":"C","3693":",","3694":"Q","3695":"A","3696":"A","3697":"Q","3698":",","3699":"C","3700":"A","3701":"A","3702":"C","3703":",","3704":"I","3705":"A","3706":"A","3707":"I","3708":",","3709":"C","3710":"A","3711":"A","3712":"C","3713":",","3714":"O","3715":"A","3716":"A","3717":"O","3718":",","3719":"C","3720":"A","3721":"A","3722":"C","3723":";","3724":"M","3725":"A","3726":"C","3727":"7","3728":"B","3729":";","3730":"M","3731":"A","3732":"C","3733":"A","3734":",","3735":"Y","3736":"A","3737":"A","3738":"Y","3739":",","3740":"C","3741":"A","3742":"A","3743":"C","3744":",","3745":"O","3746":"A","3747":"A","3748":"O","3749":",","3750":"C","3751":"A","3752":"A","3753":"C","3754":",","3755":"i","3756":"B","3757":"A","3758":"A","3759":"i","3760":"B","3761":",","3762":"E","3763":"A","3764":"A","3765":"E","3766":",","3767":"I","3768":"A","3769":"A","3770":"I","3771":",","3772":"C","3773":"A","3774":"A","3775":"C","3776":",","3777":"S","3778":"A","3779":"A","3780":"S","3781":",","3782":"C","3783":"A","3784":"A","3785":"C","3786":",","3787":"S","3788":"A","3789":"A","3790":"S","3791":",","3792":"C","3793":"A","3794":"A","3795":"C","3796":",","3797":"C","3798":"A","3799":"A","3800":"C","3801":";","3802":"I","3803":"A","3804":"C","3805":"p","3806":"E","3807":",","3808":"C","3809":"A","3810":"A","3811":"C","3812":";","3813":"I","3814":"A","3815":"A","3816":"A","3817":";","3818":"I","3819":"A","3820":"C","3821":"D","3822":",","3823":"a","3824":"A","3825":"A","3826":"a","3827":",","3828":"W","3829":"A","3830":"A","3831":"b","3832":",","3833":"a","3834":"A","3835":"A","3836":"a","3837":",","3838":"C","3839":"A","3840":"A","3841":"C","3842":",","3843":"M","3844":"A","3845":"A","3846":"M","3847":",","3848":"E","3849":"A","3850":"A","3851":"E","3852":";","3853":"M","3854":"A","3855":"A","3856":"A","3857":";","3858":"M","3859":"A","3860":"A","3861":"A","3862":";","3863":"M","3864":"A","3865":"C","3866":"p","3867":"B","3868":",","3869":"I","3870":"A","3871":"A","3872":"M","3873":",","3874":"K","3875":"A","3876":"A","3877":"K","3878":",","3879":"G","3880":"A","3881":"A","3882":"G","3883":",","3884":"I","3885":"A","3886":"A","3887":"I","3888":",","3889":"C","3890":"A","3891":"A","3892":"C","3893":",","3894":"O","3895":"A","3896":"A","3897":"O","3898":",","3899":"C","3900":"A","3901":"A","3902":"C","3903":",","3904":"S","3905":"A","3906":"A","3907":"S","3908":",","3909":"C","3910":"A","3911":"A","3912":"C","3913":",","3914":"c","3915":"A","3916":"A","3917":"I","3918":";","3919":"M","3920":"A","3921":"A","3922":"A","3923":";","3924":"M","3925":"A","3926":"A","3927":"A","3928":";","3929":"Q","3930":"A","3931":"A","3932":"A","3933":",","3934":"O","3935":"A","3936":"A","3937":"I","3938":",","3939":"I","3940":"A","3941":"A","3942":"I","3943":",","3944":"C","3945":"A","3946":"A","3947":"C","3948":",","3949":"E","3950":"A","3951":"A","3952":"E","3953":",","3954":"K","3955":"A","3956":"A","3957":"K","3958":",","3959":"M","3960":"A","3961":"A","3962":"M","3963":",","3964":"C","3965":"A","3966":"A","3967":"C","3968":",","3969":"E","3970":"A","3971":"A","3972":"E","3973":";","3974":"M","3975":"A","3976":"A","3977":"A","3978":",","3979":"E","3980":"A","3981":"A","3982":"C","3983":";","3984":"M","3985":"A","3986":"C","3987":"n","3988":"E","3989":",","3990":"I","3991":"A","3992":"A","3993":"I","3994":",","3995":"K","3996":"A","3997":"A","3998":"K","3999":",","4000":"K","4001":"A","4002":"A","4003":"K","4004":",","4005":"C","4006":"A","4007":"A","4008":"C","4009":",","4010":"C","4011":"A","4012":"A","4013":"C","4014":",","4015":"E","4016":"A","4017":"A","4018":"E","4019":";","4020":"Q","4021":"A","4022":"C","4023":"h","4024":"B","4025":",","4026":"I","4027":"A","4028":"A","4029":"I","4030":",","4031":"C","4032":"A","4033":"A","4034":"C","4035":",","4036":"Q","4037":"A","4038":"A","4039":"Q","4040":",","4041":"C","4042":"A","4043":"A","4044":"C","4045":",","4046":"c","4047":"A","4048":"A","4049":"c","4050":",","4051":"E","4052":"A","4053":"A","4054":"E","4055":",","4056":"I","4057":"A","4058":"A","4059":"I","4060":",","4061":"E","4062":"A","4063":"A","4064":"E","4065":";","4066":"U","4067":"A","4068":"C","4069":"l","4070":"C","4071":",","4072":"i","4073":"B","4074":"A","4075":"A","4076":"i","4077":"B","4078":",","4079":"E","4080":"A","4081":"A","4082":"E","4083":",","4084":"I","4085":"A","4086":"A","4087":"I","4088":";","4089":"U","4090":"A","4091":"C","4092":"v","4093":"B","4094":",","4095":"g","4096":"B","4097":"A","4098":"A","4099":"g","4100":"B","4101":",","4102":"E","4103":"A","4104":"A","4105":"E","4106":",","4107":"I","4108":"A","4109":"A","4110":"I","4111":";","4112":"U","4113":"A","4114":"C","4115":"t","4116":"B","4117":",","4118":"I","4119":"A","4120":"A","4121":"I","4122":",","4123":"E","4124":"A","4125":"A","4126":"E","4127":";","4128":"Q","4129":"A","4130":"C","4131":"R","4132":",","4133":"C","4134":"A","4135":"A","4136":"C","4137":",","4138":"C","4139":"A","4140":"A","4141":"C","4142":",","4143":"C","4144":"A","4145":"A","4146":"C","4147":",","4148":"I","4149":"A","4150":"A","4151":"I","4152":",","4153":"C","4154":"A","4155":"A","4156":"C","4157":",","4158":"Y","4159":"A","4160":"A","4161":"M","4162":";","4163":"U","4164":"A","4165":"C","4166":"Z","4167":",","4168":"M","4169":"A","4170":"A","4171":"I","4172":",","4173":"C","4174":"A","4175":"A","4176":"C","4177":",","4178":"O","4179":"A","4180":"A","4181":"O","4182":",","4183":"C","4184":"A","4185":"A","4186":"C","4187":",","4188":"K","4189":"A","4190":"A","4191":"K","4192":",","4193":"C","4194":"A","4195":"A","4196":"C","4197":",","4198":"C","4199":"A","4200":"A","4201":"C","4202":",","4203":"Q","4204":"A","4205":"A","4206":"Q","4207":",","4208":"G","4209":"A","4210":"A","4211":"G","4212":",","4213":"I","4214":"A","4215":"A","4216":"I","4217":";","4218":"U","4219":"A","4220":"C","4221":"n","4222":"C","4223":",","4224":"M","4225":"A","4226":"A","4227":"I","4228":",","4229":"C","4230":"A","4231":"A","4232":"C","4233":",","4234":"Q","4235":"A","4236":"A","4237":"Q","4238":",","4239":"C","4240":"A","4241":"A","4242":"C","4243":";","4244":"Y","4245":"A","4246":"C","4247":"Z","4248":",","4249":"I","4250":"A","4251":"A","4252":"I","4253":",","4254":"E","4255":"A","4256":"A","4257":"E","4258":",","4259":"S","4260":"A","4261":"A","4262":"S","4263":";","4264":"Y","4265":"A","4266":"C","4267":"f","4268":",","4269":"O","4270":"A","4271":"A","4272":"O","4273":",","4274":"E","4275":"A","4276":"A","4277":"E","4278":";","4279":"U","4280":"A","4281":"C","4282":"X","4283":",","4284":"C","4285":"A","4286":"A","4287":"C","4288":",","4289":"C","4290":"A","4291":"A","4292":"C","4293":";","4294":"Q","4295":"A","4296":"C","4297":"J","4298":",","4299":"C","4300":"A","4301":"A","4302":"C","4303":",","4304":"C","4305":"A","4306":"A","4307":"C","4308":";","4309":"Q","4310":"A","4311":"A","4312":"A","4313":";","4314":"Q","4315":"A","4316":"A","4317":"A","4318":",","4319":"Q","4320":"A","4321":"A","4322":"M","4323":",","4324":"C","4325":"A","4326":"A","4327":"C","4328":",","4329":"Y","4330":"A","4331":"A","4332":"M","4333":",","4334":"C","4335":"A","4336":"C","4337":"f","4338":",","4339":"C","4340":"A","4341":"A","4342":"C","4343":",","4344":"C","4345":"A","4346":"A","4347":"C","4348":";","4349":"M","4350":"A","4351":"C","4352":"J","4353":";","4354":"I","4355":"A","4356":"C","4357":"F","4358":";","4359":"E","4360":"A","4361":"C","4362":"F","4363":";","4364":"A","4365":"A","4366":"C","4367":"F","4368":",","4369":"C","4370":"A","4371":"A","4372":"C","4373":"\"","4374":",","4375":"\"","4376":"f","4377":"i","4378":"l","4379":"e","4380":"\"","4381":":","4382":"\"","4383":"/","4384":"U","4385":"s","4386":"e","4387":"r","4388":"s","4389":"/","4390":"l","4391":"i","4392":"z","4393":"h","4394":"e","4395":"n","4396":"h","4397":"u","4398":"/","4399":"D","4400":"e","4401":"s","4402":"k","4403":"t","4404":"o","4405":"p","4406":"/","4407":"z","4408":"h","4409":"i","4410":"h","4411":"e","4412":"-","4413":"0","4414":"5","4415":"0","4416":"8","4417":"-","4418":"4","4419":"/","4420":"m","4421":"a","4422":"l","4423":"l","4424":"-","4425":"c","4426":"o","4427":"u","4428":"p","4429":"o","4430":"n","4431":"-","4432":"w","4433":"a","4434":"l","4435":"l","4436":"/","4437":"s","4438":"r","4439":"c","4440":"/","4441":"A","4442":"p","4443":"p","4444":".","4445":"v","4446":"u","4447":"e","4448":"\"","4449":",","4450":"\"","4451":"s","4452":"o","4453":"u","4454":"r","4455":"c","4456":"e","4457":"s","4458":"C","4459":"o","4460":"n","4461":"t","4462":"e","4463":"n","4464":"t","4465":"\"","4466":":","4467":"[","4468":"\"","4469":"<","4470":"t","4471":"e","4472":"m","4473":"p","4474":"l","4475":"a","4476":"t","4477":"e","4478":">","4479":"\\","4480":"n","4481":" ","4482":" ","4483":"<","4484":"d","4485":"i","4486":"v","4487":" ","4488":"c","4489":"l","4490":"a","4491":"s","4492":"s","4493":"=","4494":"\\","4495":"\"","4496":"a","4497":"p","4498":"p","4499":"-","4500":"c","4501":"o","4502":"n","4503":"t","4504":"a","4505":"i","4506":"n","4507":"e","4508":"r","4509":"\\","4510":"\"","4511":">","4512":"\\","4513":"n","4514":" ","4515":" ","4516":" ","4517":" ","4518":"<","4519":"h","4520":"e","4521":"a","4522":"d","4523":"e","4524":"r","4525":" ","4526":"c","4527":"l","4528":"a","4529":"s","4530":"s","4531":"=","4532":"\\","4533":"\"","4534":"h","4535":"e","4536":"a","4537":"d","4538":"e","4539":"r","4540":"\\","4541":"\"","4542":">","4543":"\\","4544":"n","4545":" ","4546":" ","4547":" ","4548":" ","4549":" ","4550":" ","4551":"<","4552":"h","4553":"1","4554":">","4555":"优","4556":"惠","4557":"券","4558":"领","4559":"券","4560":"广","4561":"场","4562":"<","4563":"/","4564":"h","4565":"1","4566":">","4567":"\\","4568":"n","4569":" ","4570":" ","4571":" ","4572":" ","4573":" ","4574":" ","4575":"<","4576":"d","4577":"i","4578":"v","4579":" ","4580":"c","4581":"l","4582":"a","4583":"s","4584":"s","4585":"=","4586":"\\","4587":"\"","4588":"h","4589":"e","4590":"a","4591":"d","4592":"e","4593":"r","4594":"-","4595":"a","4596":"c","4597":"t","4598":"i","4599":"o","4600":"n","4601":"s","4602":"\\","4603":"\"","4604":">","4605":"\\","4606":"n","4607":" ","4608":" ","4609":" ","4610":" ","4611":" ","4612":" ","4613":" ","4614":" ","4615":"<","4616":"e","4617":"l","4618":"-","4619":"b","4620":"a","4621":"d","4622":"g","4623":"e","4624":" ","4625":":","4626":"v","4627":"a","4628":"l","4629":"u","4630":"e","4631":"=","4632":"\\","4633":"\"","4634":"f","4635":"a","4636":"v","4637":"o","4638":"r","4639":"i","4640":"t","4641":"e","4642":"C","4643":"o","4644":"u","4645":"n","4646":"t","4647":"\\","4648":"\"","4649":" ","4650":"c","4651":"l","4652":"a","4653":"s","4654":"s","4655":"=","4656":"\\","4657":"\"","4658":"i","4659":"t","4660":"e","4661":"m","4662":"\\","4663":"\"","4664":">","4665":"\\","4666":"n","4667":" ","4668":" ","4669":" ","4670":" ","4671":" ","4672":" ","4673":" ","4674":" ","4675":" ","4676":" ","4677":"<","4678":"e","4679":"l","4680":"-","4681":"b","4682":"u","4683":"t","4684":"t","4685":"o","4686":"n","4687":" ","4688":"i","4689":"c","4690":"o","4691":"n","4692":"=","4693":"\\","4694":"\"","4695":"e","4696":"l","4697":"-","4698":"i","4699":"c","4700":"o","4701":"n","4702":"-","4703":"s","4704":"t","4705":"a","4706":"r","4707":"-","4708":"o","4709":"n","4710":"\\","4711":"\"","4712":" ","4713":"@","4714":"c","4715":"l","4716":"i","4717":"c","4718":"k","4719":"=","4720":"\\","4721":"\"","4722":"s","4723":"h","4724":"o","4725":"w","4726":"F","4727":"a","4728":"v","4729":"o","4730":"r","4731":"i","4732":"t","4733":"e","4734":"s","4735":" ","4736":"=","4737":" ","4738":"!","4739":"s","4740":"h","4741":"o","4742":"w","4743":"F","4744":"a","4745":"v","4746":"o","4747":"r","4748":"i","4749":"t","4750":"e","4751":"s","4752":"\\","4753":"\"","4754":" ","4755":"s","4756":"i","4757":"z","4758":"e","4759":"=","4760":"\\","4761":"\"","4762":"s","4763":"m","4764":"a","4765":"l","4766":"l","4767":"\\","4768":"\"","4769":">","4770":"\\","4771":"n","4772":" ","4773":" ","4774":" ","4775":" ","4776":" ","4777":" ","4778":" ","4779":" ","4780":" ","4781":" ","4782":" ","4783":" ","4784":"我","4785":"的","4786":"收","4787":"藏","4788":"\\","4789":"n","4790":" ","4791":" ","4792":" ","4793":" ","4794":" ","4795":" ","4796":" ","4797":" ","4798":" ","4799":" ","4800":"<","4801":"/","4802":"e","4803":"l","4804":"-","4805":"b","4806":"u","4807":"t","4808":"t","4809":"o","4810":"n","4811":">","4812":"\\","4813":"n","4814":" ","4815":" ","4816":" ","4817":" ","4818":" ","4819":" ","4820":" ","4821":" ","4822":"<","4823":"/","4824":"e","4825":"l","4826":"-","4827":"b","4828":"a","4829":"d","4830":"g","4831":"e","4832":">","4833":"\\","4834":"n","4835":" ","4836":" ","4837":" ","4838":" ","4839":" ","4840":" ","4841":"<","4842":"/","4843":"d","4844":"i","4845":"v","4846":">","4847":"\\","4848":"n","4849":" ","4850":" ","4851":" ","4852":" ","4853":"<","4854":"/","4855":"h","4856":"e","4857":"a","4858":"d","4859":"e","4860":"r","4861":">","4862":"\\","4863":"n","4864":"\\","4865":"n","4866":" ","4867":" ","4868":" ","4869":" ","4870":"<","4871":"d","4872":"i","4873":"v","4874":" ","4875":"c","4876":"l","4877":"a","4878":"s","4879":"s","4880":"=","4881":"\\","4882":"\"","4883":"f","4884":"i","4885":"l","4886":"t","4887":"e","4888":"r","4889":"-","4890":"s","4891":"e","4892":"c","4893":"t","4894":"i","4895":"o","4896":"n","4897":"\\","4898":"\"","4899":">","4900":"\\","4901":"n","4902":" ","4903":" ","4904":" ","4905":" ","4906":" ","4907":" ","4908":"<","4909":"e","4910":"l","4911":"-","4912":"t","4913":"a","4914":"b","4915":"s","4916":" ","4917":"v","4918":"-","4919":"m","4920":"o","4921":"d","4922":"e","4923":"l","4924":"=","4925":"\\","4926":"\"","4927":"a","4928":"c","4929":"t","4930":"i","4931":"v","4932":"e","4933":"T","4934":"a","4935":"b","4936":"\\","4937":"\"","4938":" ","4939":"@","4940":"t","4941":"a","4942":"b","4943":"-","4944":"c","4945":"l","4946":"i","4947":"c","4948":"k","4949":"=","4950":"\\","4951":"\"","4952":"h","4953":"a","4954":"n","4955":"d","4956":"l","4957":"e","4958":"T","4959":"a","4960":"b","4961":"C","4962":"l","4963":"i","4964":"c","4965":"k","4966":"\\","4967":"\"","4968":">","4969":"\\","4970":"n","4971":" ","4972":" ","4973":" ","4974":" ","4975":" ","4976":" ","4977":" ","4978":" ","4979":"<","4980":"e","4981":"l","4982":"-","4983":"t","4984":"a","4985":"b","4986":"-","4987":"p","4988":"a","4989":"n","4990":"e","4991":" ","4992":"l","4993":"a","4994":"b","4995":"e","4996":"l","4997":"=","4998":"\\","4999":"\"","5000":"全","5001":"部","5002":"\\","5003":"\"","5004":" ","5005":"n","5006":"a","5007":"m","5008":"e","5009":"=","5010":"\\","5011":"\"","5012":"a","5013":"l","5014":"l","5015":"\\","5016":"\"","5017":">","5018":"<","5019":"/","5020":"e","5021":"l","5022":"-","5023":"t","5024":"a","5025":"b","5026":"-","5027":"p","5028":"a","5029":"n","5030":"e","5031":">","5032":"\\","5033":"n","5034":" ","5035":" ","5036":" ","5037":" ","5038":" ","5039":" ","5040":" ","5041":" ","5042":"<","5043":"e","5044":"l","5045":"-","5046":"t","5047":"a","5048":"b","5049":"-","5050":"p","5051":"a","5052":"n","5053":"e","5054":" ","5055":"l","5056":"a","5057":"b","5058":"e","5059":"l","5060":"=","5061":"\\","5062":"\"","5063":"全","5064":"场","5065":"券","5066":"\\","5067":"\"","5068":" ","5069":"n","5070":"a","5071":"m","5072":"e","5073":"=","5074":"\\","5075":"\"","5076":"f","5077":"u","5078":"l","5079":"l","5080":"\\","5081":"\"","5082":">","5083":"<","5084":"/","5085":"e","5086":"l","5087":"-","5088":"t","5089":"a","5090":"b","5091":"-","5092":"p","5093":"a","5094":"n","5095":"e","5096":">","5097":"\\","5098":"n","5099":" ","5100":" ","5101":" ","5102":" ","5103":" ","5104":" ","5105":" ","5106":" ","5107":"<","5108":"e","5109":"l","5110":"-","5111":"t","5112":"a","5113":"b","5114":"-","5115":"p","5116":"a","5117":"n","5118":"e","5119":" ","5120":"l","5121":"a","5122":"b","5123":"e","5124":"l","5125":"=","5126":"\\","5127":"\"","5128":"品","5129":"类","5130":"券","5131":"\\","5132":"\"","5133":" ","5134":"n","5135":"a","5136":"m","5137":"e","5138":"=","5139":"\\","5140":"\"","5141":"c","5142":"a","5143":"t","5144":"e","5145":"g","5146":"o","5147":"r","5148":"y","5149":"\\","5150":"\"","5151":">","5152":"<","5153":"/","5154":"e","5155":"l","5156":"-","5157":"t","5158":"a","5159":"b","5160":"-","5161":"p","5162":"a","5163":"n","5164":"e","5165":">","5166":"\\","5167":"n","5168":" ","5169":" ","5170":" ","5171":" ","5172":" ","5173":" ","5174":" ","5175":" ","5176":"<","5177":"e","5178":"l","5179":"-","5180":"t","5181":"a","5182":"b","5183":"-","5184":"p","5185":"a","5186":"n","5187":"e","5188":" ","5189":"l","5190":"a","5191":"b","5192":"e","5193":"l","5194":"=","5195":"\\","5196":"\"","5197":"品","5198":"牌","5199":"券","5200":"\\","5201":"\"","5202":" ","5203":"n","5204":"a","5205":"m","5206":"e","5207":"=","5208":"\\","5209":"\"","5210":"b","5211":"r","5212":"a","5213":"n","5214":"d","5215":"\\","5216":"\"","5217":">","5218":"<","5219":"/","5220":"e","5221":"l","5222":"-","5223":"t","5224":"a","5225":"b","5226":"-","5227":"p","5228":"a","5229":"n","5230":"e","5231":">","5232":"\\","5233":"n","5234":" ","5235":" ","5236":" ","5237":" ","5238":" ","5239":" ","5240":" ","5241":" ","5242":"<","5243":"e","5244":"l","5245":"-","5246":"t","5247":"a","5248":"b","5249":"-","5250":"p","5251":"a","5252":"n","5253":"e","5254":" ","5255":"l","5256":"a","5257":"b","5258":"e","5259":"l","5260":"=","5261":"\\","5262":"\"","5263":"新","5264":"人","5265":"券","5266":"\\","5267":"\"","5268":" ","5269":"n","5270":"a","5271":"m","5272":"e","5273":"=","5274":"\\","5275":"\"","5276":"n","5277":"e","5278":"w","5279":"u","5280":"s","5281":"e","5282":"r","5283":"\\","5284":"\"","5285":">","5286":"<","5287":"/","5288":"e","5289":"l","5290":"-","5291":"t","5292":"a","5293":"b","5294":"-","5295":"p","5296":"a","5297":"n","5298":"e","5299":">","5300":"\\","5301":"n","5302":" ","5303":" ","5304":" ","5305":" ","5306":" ","5307":" ","5308":"<","5309":"/","5310":"e","5311":"l","5312":"-","5313":"t","5314":"a","5315":"b","5316":"s","5317":">","5318":"\\","5319":"n","5320":" ","5321":" ","5322":" ","5323":" ","5324":" ","5325":" ","5326":"<","5327":"d","5328":"i","5329":"v","5330":" ","5331":"c","5332":"l","5333":"a","5334":"s","5335":"s","5336":"=","5337":"\\","5338":"\"","5339":"f","5340":"i","5341":"l","5342":"t","5343":"e","5344":"r","5345":"-","5346":"e","5347":"x","5348":"t","5349":"r","5350":"a","5351":"\\","5352":"\"","5353":">","5354":"\\","5355":"n","5356":" ","5357":" ","5358":" ","5359":" ","5360":" ","5361":" ","5362":" ","5363":" ","5364":"<","5365":"e","5366":"l","5367":"-","5368":"c","5369":"h","5370":"e","5371":"c","5372":"k","5373":"b","5374":"o","5375":"x","5376":" ","5377":"v","5378":"-","5379":"m","5380":"o","5381":"d","5382":"e","5383":"l","5384":"=","5385":"\\","5386":"\"","5387":"s","5388":"h","5389":"o","5390":"w","5391":"O","5392":"n","5393":"l","5394":"y","5395":"V","5396":"a","5397":"l","5398":"i","5399":"d","5400":"\\","5401":"\"","5402":" ","5403":"@","5404":"c","5405":"h","5406":"a","5407":"n","5408":"g","5409":"e","5410":"=","5411":"\\","5412":"\"","5413":"f","5414":"i","5415":"l","5416":"t","5417":"e","5418":"r","5419":"C","5420":"o","5421":"u","5422":"p","5423":"o","5424":"n","5425":"s","5426":"\\","5427":"\"","5428":">","5429":"仅","5430":"显","5431":"示","5432":"可","5433":"用","5434":"<","5435":"/","5436":"e","5437":"l","5438":"-","5439":"c","5440":"h","5441":"e","5442":"c","5443":"k","5444":"b","5445":"o","5446":"x","5447":">","5448":"\\","5449":"n","5450":" ","5451":" ","5452":" ","5453":" ","5454":" ","5455":" ","5456":"<","5457":"/","5458":"d","5459":"i","5460":"v","5461":">","5462":"\\","5463":"n","5464":" ","5465":" ","5466":" ","5467":" ","5468":"<","5469":"/","5470":"d","5471":"i","5472":"v","5473":">","5474":"\\","5475":"n","5476":"\\","5477":"n","5478":" ","5479":" ","5480":" ","5481":" ","5482":"<","5483":"d","5484":"i","5485":"v","5486":" ","5487":"c","5488":"l","5489":"a","5490":"s","5491":"s","5492":"=","5493":"\\","5494":"\"","5495":"c","5496":"o","5497":"u","5498":"p","5499":"o","5500":"n","5501":"-","5502":"l","5503":"i","5504":"s","5505":"t","5506":"\\","5507":"\"","5508":">","5509":"\\","5510":"n","5511":" ","5512":" ","5513":" ","5514":" ","5515":" ","5516":" ","5517":"<","5518":"c","5519":"o","5520":"u","5521":"p","5522":"o","5523":"n","5524":"-","5525":"c","5526":"a","5527":"r","5528":"d","5529":"\\","5530":"n","5531":" ","5532":" ","5533":" ","5534":" ","5535":" ","5536":" ","5537":" ","5538":" ","5539":"v","5540":"-","5541":"f","5542":"o","5543":"r","5544":"=","5545":"\\","5546":"\"","5547":"c","5548":"o","5549":"u","5550":"p","5551":"o","5552":"n","5553":" ","5554":"i","5555":"n","5556":" ","5557":"f","5558":"i","5559":"l","5560":"t","5561":"e","5562":"r","5563":"e","5564":"d","5565":"C","5566":"o","5567":"u","5568":"p","5569":"o","5570":"n","5571":"s","5572":"\\","5573":"\"","5574":"\\","5575":"n","5576":" ","5577":" ","5578":" ","5579":" ","5580":" ","5581":" ","5582":" ","5583":" ","5584":":","5585":"k","5586":"e","5587":"y","5588":"=","5589":"\\","5590":"\"","5591":"c","5592":"o","5593":"u","5594":"p","5595":"o","5596":"n","5597":".","5598":"i","5599":"d","5600":"\\","5601":"\"","5602":"\\","5603":"n","5604":" ","5605":" ","5606":" ","5607":" ","5608":" ","5609":" ","5610":" ","5611":" ","5612":":","5613":"c","5614":"o","5615":"u","5616":"p","5617":"o","5618":"n","5619":"=","5620":"\\","5621":"\"","5622":"c","5623":"o","5624":"u","5625":"p","5626":"o","5627":"n","5628":"\\","5629":"\"","5630":"\\","5631":"n","5632":" ","5633":" ","5634":" ","5635":" ","5636":" ","5637":" ","5638":" ","5639":" ","5640":"@","5641":"t","5642":"o","5643":"g","5644":"g","5645":"l","5646":"e","5647":"-","5648":"f","5649":"a","5650":"v","5651":"o","5652":"r","5653":"i","5654":"t","5655":"e","5656":"=","5657":"\\","5658":"\"","5659":"h","5660":"a","5661":"n","5662":"d","5663":"l","5664":"e","5665":"T","5666":"o","5667":"g","5668":"g","5669":"l","5670":"e","5671":"F","5672":"a","5673":"v","5674":"o","5675":"r","5676":"i","5677":"t","5678":"e","5679":"\\","5680":"\"","5681":"\\","5682":"n","5683":" ","5684":" ","5685":" ","5686":" ","5687":" ","5688":" ","5689":" ","5690":" ","5691":"@","5692":"r","5693":"e","5694":"c","5695":"e","5696":"i","5697":"v","5698":"e","5699":"=","5700":"\\","5701":"\"","5702":"h","5703":"a","5704":"n","5705":"d","5706":"l","5707":"e","5708":"R","5709":"e","5710":"c","5711":"e","5712":"i","5713":"v","5714":"e","5715":"\\","5716":"\"","5717":"\\","5718":"n","5719":" ","5720":" ","5721":" ","5722":" ","5723":" ","5724":" ","5725":">","5726":"<","5727":"/","5728":"c","5729":"o","5730":"u","5731":"p","5732":"o","5733":"n","5734":"-","5735":"c","5736":"a","5737":"r","5738":"d","5739":">","5740":"\\","5741":"n","5742":" ","5743":" ","5744":" ","5745":" ","5746":" ","5747":" ","5748":"<","5749":"d","5750":"i","5751":"v","5752":" ","5753":"v","5754":"-","5755":"i","5756":"f","5757":"=","5758":"\\","5759":"\"","5760":"f","5761":"i","5762":"l","5763":"t","5764":"e","5765":"r","5766":"e","5767":"d","5768":"C","5769":"o","5770":"u","5771":"p","5772":"o","5773":"n","5774":"s","5775":".","5776":"l","5777":"e","5778":"n","5779":"g","5780":"t","5781":"h","5782":" ","5783":"=","5784":"=","5785":"=","5786":" ","5787":"0","5788":"\\","5789":"\"","5790":" ","5791":"c","5792":"l","5793":"a","5794":"s","5795":"s","5796":"=","5797":"\\","5798":"\"","5799":"e","5800":"m","5801":"p","5802":"t","5803":"y","5804":"-","5805":"s","5806":"t","5807":"a","5808":"t","5809":"e","5810":"\\","5811":"\"","5812":">","5813":"\\","5814":"n","5815":" ","5816":" ","5817":" ","5818":" ","5819":" ","5820":" ","5821":" ","5822":" ","5823":"<","5824":"e","5825":"l","5826":"-","5827":"e","5828":"m","5829":"p","5830":"t","5831":"y","5832":" ","5833":"d","5834":"e","5835":"s","5836":"c","5837":"r","5838":"i","5839":"p","5840":"t","5841":"i","5842":"o","5843":"n","5844":"=","5845":"\\","5846":"\"","5847":"暂","5848":"无","5849":"优","5850":"惠","5851":"券","5852":"\\","5853":"\"","5854":">","5855":"<","5856":"/","5857":"e","5858":"l","5859":"-","5860":"e","5861":"m","5862":"p","5863":"t","5864":"y","5865":">","5866":"\\","5867":"n","5868":" ","5869":" ","5870":" ","5871":" ","5872":" ","5873":" ","5874":"<","5875":"/","5876":"d","5877":"i","5878":"v","5879":">","5880":"\\","5881":"n","5882":" ","5883":" ","5884":" ","5885":" ","5886":"<","5887":"/","5888":"d","5889":"i","5890":"v","5891":">","5892":"\\","5893":"n","5894":"\\","5895":"n",
[...]
","5009":"o","5010":"n","5011":"-","5012":"m","5013":"a","5014":"i","5015":"n","5016":" ","5017":"{","5018":"\\","5019":"n","5020":" ","5021":" ","5022":"b","5023":"a","5024":"c","5025":"k","5026":"g","5027":"r","5028":"o","5029":"u","5030":"n","5031":"d","5032":":","5033":" ","5034":"l","5035":"i","5036":"n","5037":"e","5038":"a","5039":"r","5040":"-","5041":"g","5042":"r","5043":"a","5044":"d","5045":"i","5046":"e","5047":"n","5048":"t","5049":"(","5050":"1","5051":"3","5052":"5","5053":"d","5054":"e","5055":"g","5056":",","5057":" ","5058":"#","5059":"e","5060":"8","5061":"f","5062":"5","5063":"e","5064":"9","5065":" ","5066":"0","5067":"%","5068":",","5069":" ","5070":"#","5071":"c","5072":"8","5073":"e","5074":"6","5075":"c","5076":"9","5077":" ","5078":"1","5079":"0","5080":"0","5081":"%","5082":")","5083":";","5084":"\\","5085":"n","5086":"}","5087":"\\","5088":"n","5089":"\\","5090":"n","5091":".","5092":"c","5093":"o","5094":"u","5095":"p","5096":"o","5097":"n","5098":"-","5099":"m","5100":"a","5101":"i","5102":"n","5103":" ","5104":"{","5105":"\\","5106":"n","5107":" ","5108":" ","5109":"d","5110":"i","5111":"s","5112":"p","5113":"l","5114":"a","5115":"y","5116":":","5117":" ","5118":"f","5119":"l","5120":"e","5121":"x","5122":";","5123":"\\","5124":"n","5125":" ","5126":" ","5127":"b","5128":"a","5129":"c","5130":"k","5131":"g","5132":"r","5133":"o","5134":"u","5135":"n","5136":"d","5137":":","5138":" ","5139":"l","5140":"i","5141":"n","5142":"e","5143":"a","5144":"r","5145":"-","5146":"g","5147":"r","5148":"a","5149":"d","5150":"i","5151":"e","5152":"n","5153":"t","5154":"(","5155":"1","5156":"3","5157":"5","5158":"d","5159":"e","5160":"g","5161":",","5162":" ","5163":"#","5164":"f","5165":"f","5166":"f","5167":"5","5168":"f","5169":"5","5170":" ","5171":"0","5172":"%","5173":",","5174":" ","5175":"#","5176":"f","5177":"f","5178":"e","5179":"4","5180":"e","5181":"4","5182":" ","5183":"1","5184":"0","5185":"0","5186":"%","5187":")","5188":";","5189":"\\","5190":"n","5191":" ","5192":" ","5193":"p","5194":"a","5195":"d","5196":"d","5197":"i","5198":"n","5199":"g","5200":":","5201":" ","5202":"1","5203":"5","5204":"p","5205":"x","5206":";","5207":"\\","5208":"n","5209":" ","5210":" ","5211":"p","5212":"o","5213":"s","5214":"i","5215":"t","5216":"i","5217":"o","5218":"n","5219":":","5220":" ","5221":"r","5222":"e","5223":"l","5224":"a","5225":"t","5226":"i","5227":"v","5228":"e","5229":";","5230":"\\","5231":"n","5232":"}","5233":"\\","5234":"n","5235":"\\","5236":"n","5237":".","5238":"c","5239":"o","5240":"u","5241":"p","5242":"o","5243":"n","5244":"-","5245":"l","5246":"e","5247":"f","5248":"t","5249":" ","5250":"{","5251":"\\","5252":"n","5253":" ","5254":" ","5255":"w","5256":"i","5257":"d","5258":"t","5259":"h","5260":":","5261":" ","5262":"1","5263":"0","5264":"0","5265":"p","5266":"x","5267":";","5268":"\\","5269":"n","5270":" ","5271":" ","5272":"t","5273":"e","5274":"x","5275":"t","5276":"-","5277":"a","5278":"l","5279":"i","5280":"g","5281":"n","5282":":","5283":" ","5284":"c","5285":"e","5286":"n","5287":"t","5288":"e","5289":"r","5290":";","5291":"\\","5292":"n","5293":" ","5294":" ","5295":"b","5296":"o","5297":"r","5298":"d","5299":"e","5300":"r","5301":"-","5302":"r","5303":"i","5304":"g","5305":"h","5306":"t","5307":":","5308":" ","5309":"2","5310":"p","5311":"x","5312":" ","5313":"d","5314":"a","5315":"s","5316":"h","5317":"e","5318":"d","5319":" ","5320":"#","5321":"f","5322":"f","5323":"6","5324":"b","5325":"6","5326":"b","5327":";","5328":"\\","5329":"n","5330":" ","5331":" ","5332":"p","5333":"a","5334":"d","5335":"d","5336":"i","5337":"n","5338":"g","5339":"-","5340":"r","5341":"i","5342":"g","5343":"h","5344":"t","5345":":","5346":" ","5347":"1","5348":"5","5349":"p","5350":"x","5351":";","5352":"\\","5353":"n","5354":"}","5355":"\\","5356":"n","5357":"\\","5358":"n","5359":".","5360":"c","5361":"o","5362":"u","5363":"p","5364":"o","5365":"n","5366":"-","5367":"v","5368":"a","5369":"l","5370":"u","5371":"e","5372":" ","5373":"{","5374":"\\","5375":"n","5376":" ","5377":" ","5378":"c","5379":"o","5380":"l","5381":"o","5382":"r","5383":":","5384":" ","5385":"#","5386":"f","5387":"f","5388":"4","5389":"7","5390":"5","5391":"7","5392":";","5393":"\\","5394":"n","5395":" ","5396":" ","5397":"f","5398":"o","5399":"n","5400":"t","5401":"-","5402":"w","5403":"e","5404":"i","5405":"g","5406":"h","5407":"t","5408":":","5409":" ","5410":"b","5411":"o","5412":"l","5413":"d","5414":";","5415":"\\","5416":"n","5417":"}","5418":"\\","5419":"n","5420":"\\","5421":"n","5422":".","5423":"c","5424":"o","5425":"u","5426":"p","5427":"o","5428":"n","5429":"-","5430":"v","5431":"a","5432":"l","5433":"u","5434":"e","5435":" ","5436":".","5437":"s","5438":"y","5439":"m","5440":"b","5441":"o","5442":"l","5443":" ","5444":"{","5445":"\\","5446":"n","5447":" ","5448":" ","5449":"f","5450":"o","5451":"n","5452":"t","5453":"-","5454":"s","5455":"i","5456":"z","5457":"e","5458":":","5459":" ","5460":"1","5461":"6","5462":"p","5463":"x","5464":";","5465":"\\","5466":"n","5467":"}","5468":"\\","5469":"n","5470":"\\","5471":"n","5472":".","5473":"c","5474":"o","5475":"u","5476":"p","5477":"o","5478":"n","5479":"-","5480":"v","5481":"a","5482":"l","5483":"u","5484":"e","5485":" ","5486":".","5487":"a","5488":"m","5489":"o","5490":"u","5491":"n","5492":"t","5493":" ","5494":"{","5495":"\\","5496":"n","5497":" ","5498":" ","5499":"f","5500":"o","5501":"n","5502":"t","5503":"-","5504":"s","5505":"i","5506":"z","5507":"e","5508":":","5509":" ","5510":"3","5511":"6","5512":"p","5513":"x","5514":";","5515":"\\","5516":"n","5517":"}","5518":"\\","5519":"n","5520":"\\","5521":"n","5522":".","5523":"c","5524":"o","5525":"u","5526":"p","5527":"o","5528":"n","5529":"-","5530":"c","5531":"o","5532":"n","5533":"d","5534":"i","5535":"t","5536":"i","5537":"o","5538":"n","5539":" ","5540":"{","5541":"\\","5542":"n","5543":" ","5544":" ","5545":"f","5546":"o","5547":"n","5548":"t","5549":"-","5550":"s","5551":"i","5552":"z","5553":"e","5554":":","5555":" ","5556":"1","5557":"2","5558":"p","5559":"x","5560":";","5561":"\\","5562":"n","5563":" ","5564":" ","5565":"c","5566":"o","5567":"l","5568":"o","5569":"r","5570":":","5571":" ","5572":"#","5573":"6","5574":"6","5575":"6","5576":";","5577":"\\","5578":"n","5579":" ","5580":" ","5581":"m","5582":"a","5583":"r","5584":"g","5585":"i","5586":"n","5587":"-","5588":"t","5589":"o","5590":"p","5591":":","5592":" ","5593":"5","5594":"p","5595":"x","5596":";","5597":"\\","5598":"n","5599":"}","5600":"\\","5601":"n","5602":"\\","5603":"n","5604":".","5605":"c","5606":"o","5607":"u","5608":"p","5609":"o","5610":"n","5611":"-","5612":"r","5613":"i","5614":"g","5615":"h","5616":"t","5617":" ","5618":"{","5619":"\\","5620":"n","5621":" ","5622":" ","5623":"f","5624":"l","5625":"e","5626":"x","5627":":","5628":" ","5629":"1","5630":";","5631":"\\","5632":"n","5633":" ","5634":" ","5635":"p","5636":"a","5637":"d","5638":"d","5639":"i","5640":"n","5641":"g","5642":"-","5643":"l","5644":"e","5645":"f","5646":"t","5647":":","5648":" ","5649":"1","5650":"5","5651":"p","5652":"x","5653":";","5654":"\\","5655":"n","5656":" ","5657":" ","5658":"d","5659":"i","5660":"s","5661":"p","5662":"l","5663":"a","5664":"y","5665":":","5666":" ","5667":"f","5668":"l","5669":"e","5670":"x","5671":";","5672":"\\","5673":"n","5674":" ","5675":" ","5676":"f","5677":"l","5678":"e","5679":"x","5680":"-","5681":"d","5682":"i","5683":"r","5684":"e","5685":"c","5686":"t","5687":"i","5688":"o","5689":"n","5690":":","5691":" ","5692":"c","5693":"o","5694":"l","5695":"u","5696":"m","5697":"n","5698":";","5699":"\\","5700":"n","5701":" ","5702":" ","5703":"j","5704":"u","5705":"s","5706":"t","5707":"i","5708":"f","5709":"y","5710":"-","5711":"c","5712":"o","5713":"n","5714":"t","5715":"e","5716":"n","5717":"t","5718":":","5719":" ","5720":"c","5721":"e","5722":"n","5723":"t","5724":"e","5725":"r","5726":";","5727":"\\","5728":"n","5729":"}","5730":"\\","5731":"n","5732":"\\","5733":"n","5734":".","5735":"c","5736":"o","5737":"u","5738":"p","5739":"o","5740":"n","5741":"-","5742":"n","5743":"a","5744":"m","5745":"e","5746":" ","5747":"{","5748":"\\","5749":"n","5750":" ","5751":" ","5752":"f","5753":"o","5754":"n","5755":"t","5756":"-","5757":"s","5758":"i","5759":"z","5760":"e","5761":":","5762":" ","5763":"1","5764":"6","5765":"p","5766":"x","5767":";","5768":"\\","5769":"n","5770":" ","5771":" ","5772":"f","5773":"o","5774":"n","5775":"t","5776":"-","5777":"w","5778":"e","5779":"i","5780":"g","5781":"h","5782":"t","5783":":","5784":" ","5785":"b","5786":"o","5787":"l","5788":"d","5789":";","5790":"\\","5791":"n","5792":" ","5793":" ","5794":"c","5795":"o","5796":"l","5797":"o","5798":"r","5799":":","5800":" ","5801":"#","5802":"3","5803":"3","5804":"3","5805":";","5806":"\\","5807":"n","5808":" ","5809":" ","5810":"m","5811":"a","5812":"r","5813":"g","5814":"i","5815":"n","5816":"-","5817":"b","5818":"o","5819":"t","5820":"t","5821":"o","5822":"m","5823":":","5824":" ","5825":"5","5826":"p","5827":"x","5828":";","5829":"\\","5830":"n","5831":"}","5832":"\\","5833":"n","5834":"\\","5835":"n","5836":".","5837":"c","5838":"o","5839":"u","5840":"p","5841":"o","5842":"n","5843":"-","5844":"t","5845":"y","5846":"p","5847":"e","5848":" ","5849":"{","5850":"\\","5851":"n","5852":" ","5853":" ","5854":"d","5855":"i","5856":"s","5857":"p","5858":"l","5859":"a","5860":"y","5861":":","5862":" ","5863":"i","5864":"n","5865":"l","5866":"i","5867":"n","5868":"e","5869":"-","5870":"b","5871":"l","5872":"o","5873":"c","5874":"k","5875":";","5876":"\\","5877":"n","5878":" ","5879":" ","5880":"b","5881":"a","5882":"c","5883":"k","5884":"g","5885":"r","5886":"o","5887":"u","5888":"n","5889":"d","5890":":","5891":" ","5892":"#","5893":"f","5894":"f","5895":"6","5896":"b","5897":"6","5898":"b","5899":";","5900":"\\","5901":"n","5902":" ","5903":" ","5904":"c","5905":"o","5906":"l","5907":"o","5908":"r","5909":":","5910":" ","5911":"w","5912":"h","5913":"i","5914":"t","5915":"e","5916":";","5917":"\\","5918":"n","5919":" ","5920":" ","5921":"f","5922":"o","5923":"n","5924":"t","5925":"-","5926":"s","5927":"i","5928":"z","5929":"e","5930":":","5931":" ","5932":"1","5933":"2","5934":"p","5935":"x","5936":";","5937":"\\","5938":"n","5939":" ","5940":" ","5941":"p","5942":"a","5943":"d","5944":"d","5945":"i","5946":"n","5947":"g","5948":":","5949":" ","5950":"2","5951":"p","5952":"x","5953":" ","5954":"8","5955":"p","5956":"x","5957":";","5958":"\\","5959":"n","5960":" ","5961":" ","5962":"b","5963":"o","5964":"r","5965":"d","5966":"e","5967":"r","5968":"-","5969":"r","5970":"a","5971":"d","5972":"i","5973":"u","5974":"s","5975":":","5976":" ","5977":"1","5978":"0","5979":"p","5980":"x","5981":";","5982":"\\","5983":"n","5984":" ","5985":" ","5986":"m","5987":"a","5988":"r","5989":"g","5990":"i","5991":"n","5992":"-","5993":"b","5994":"o","5995":"t","5996":"t","5997":"o","5998":"m","5999":":","6000":" ","6001":"5","6002":"p","6003":"x","6004":";","6005":"\\","6006":"n","6007":" ","6008":" ","6009":"w","6010":"i","6011":"d","6012":"t","6013":"h","6014":":","6015":" ","6016":"f","6017":"i","6018":"t","6019":"-","6020":"c","6021":"o","6022":"n","6023":"t","6024":"e","6025":"n","6026":"t","6027":";","6028":"\\","6029":"n","6030":"}","6031":"\\","6032":"n","6033":"\\","6034":"n","6035":".","6036":"c","6037":"o","6038":"u","6039":"p","6040":"o","6041":"n","6042":"-","6043":"t","6044":"i","6045":"m","6046":"e","6047":" ","6048":"{","6049":"\\","6050":"n","6051":" ","6052":" ","6053":"f","6054":"o","6055":"n","6056":"t","6057":"-","6058":"s","6059":"i","6060":"z","6061":"e","6062":":","6063":" ","6064":"1","6065":"2","6066":"p","6067":"x","6068":";","6069":"\\","6070":"n","6071":" ","6072":" ","6073":"c","6074":"o","6075":"l","6076":"o","6077":"r","6078":":","6079":" ","6080":"#","6081":"9","6082":"9","6083":"9","6084":";","6085":"\\","6086":"n","6087":"}","6088":"\\","6089":"n","6090":"\\","6091":"n","6092":".","6093":"c","6094":"o","6095":"u","6096":"p","6097":"o","6098":"n","6099":"-","6100":"t","6101":"a","6102":"g","6103":" ","6104":"{","6105":"\\","6106":"n","6107":" ","6108":" ","6109":"p","6110":"o","6111":"s","6112":"i","6113":"t","6114":"i","6115":"o","6116":"n","6117":":","6118":" ","6119":"a","6120":"b","6121":"s","6122":"o","6123":"l","6124":"u","6125":"t","6126":"e","6127":";","6128":"\\","6129":"n","6130":" ","6131":" ","6132":"t","6133":"o","6134":"p","6135":":","6136":" ","6137":"0","6138":";","6139":"\\","6140":"n","6141":" ","6142":" ","6143":"r","6144":"i","6145":"g","6146":"h","6147":"t","6148":":","6149":" ","6150":"0","6151":";","6152":"\\","6153":"n","6154":" ","6155":" ","6156":"b","6157":"a","6158":"c","6159":"k","6160":"g","6161":"r","6162":"o","6163":"u","6164":"n","6165":"d","6166":":","6167":" ","6168":"#","6169":"f","6170":"f","6171":"6","6172":"b","6173":"6","6174":"b","6175":";","6176":"\\","6177":"n","6178":" ","6179":" ","6180":"c","6181":"o","6182":"l","6183":"o","6184":"r","6185":":","6186":" ","6187":"w","6188":"h","6189":"i","6190":"t","6191":"e","6192":";","6193":"\\","6194":"n","6195":" ","6196":" ","6197":"f","6198":"o","6199":"n","6200":"t","6201":"-","6202":"s","6203":"i","6204":"z","6205":"e","6206":":","6207":" ","6208":"1","6209":"2","6210":"p","6211":"x","6212":";","6213":"\\","6214":"n","6215":" ","6216":" ","6217":"p","6218":"a","6219":"d","6220":"d","6221":"i","6222":"n","6223":"g","6224":":","6225":" ","6226":"3","6227":"p","6228":"x","6229":" ","6230":"1","6231":"0","6232":"p","6233":"x","6234":";","6235":"\\","6236":"n","6237":" ","6238":" ","6239":"b","6240":"o","6241":"r","6242":"d","6243":"e","6244":"r","6245":"-","6246":"r","6247":"a","6248":"d","6249":"i","6250":"u","6251":"s","6252":":","6253":" ","6254":"0","6255":" ","6256":"8","6257":"p","6258":"x","6259":" ","6260":"0","6261":" ","6262":"1","6263":"0","6264":"p","6265":"x","6266":";","6267":"\\","6268":"n","6269":"}","6270":"\\","6271":"n","6272":"\\","6273":"n","6274":".","6275":"c","6276":"o","6277":"u","6278":"p","6279":"o","6280":"n","6281":"-","6282":"e","6283":"x","6284":"p","6285":"a","6286":"n","6287":"d","6288":" ","6289":"{","6290":"\\","6291":"n","6292":" ","6293":" ","6294":"b","6295":"a","6296":"c","6297":"k","6298":"g","6299":"r","6300":"o","6301":"u","6302":"n","6303":"d","6304":":","6305":" ","6306":"w","6307":"h","6308":"i","6309":"t","6310":"e","6311":";","6312":"\\","6313":"n","6314":" ","6315":" ","6316":"p","6317":"a","6318":"d","6319":"d","6320":"i","6321":"n","6322":"g","6323":":","6324":" ","6325":"1","6326":"5","6327":"p","6328":"x","6329":";","6330":"\\","6331":"n","6332":" ","6333":" ","6334":"b","6335":"o","6336":"r","6337":"d","6338":"e","6339":"r","6340":"-","6341":"t","6342":"o","6343":"p","6344":":","6345":" ","6346":"1","6347":"p","6348":"x","6349":" ","6350":"d","6351":"a","6352":"s","6353":"h","6354":"e","6355":"d","6356":" ","6357":"#","6358":"e","6359":"e","6360":"e","6361":";","6362":"\\","6363":"n","6364":"}","6365":"\\","6366":"n","6367":"\\","6368":"n","6369":".","6370":"c","6371":"o","6372":"u","6373":"p","6374":"o","6375":"n","6376":"-","6377":"d","6378":"e","6379":"s","6380":"c","6381":" ","6382":"{","6383":"\\","6384":"n","6385":" ","6386":" ","6387":"f","6388":"o","6389":"n","6390":"t","6391":"-","6392":"s","6393":"i","6394":"z","6395":"e","6396":":","6397":" ","6398":"1","6399":"3","6400":"p","6401":"x","6402":";","6403":"\\","6404":"n","6405":" ","6406":" ","6407":"c","6408":"o","6409":"l","6410":"o","6411":"r","6412":":","6413":" ","6414":"#","6415":"6","6416":"6","6417":"6","6418":";","6419":"\\","6420":"n","6421":" ","6422":" ","6423":"l","6424":"i","6425":"n","6426":"e","6427":"-","6428":"h","6429":"e","6430":"i","6431":"g","6432":"h","6433":"t","6434":":","6435":" ","6436":"1","6437":".","6438":"6","6439":";","6440":"\\","6441":"n","6442":" ","6443":" ","6444":"m","6445":"a","6446":"r","6447":"g","6448":"i","6449":"n","6450":"-","6451":"b","6452":"o","6453":"t","6454":"t","6455":"o","6456":"m","6457":":","6458":" ","6459":"1","6460":"5","6461":"p","6462":"x","6463":";","6464":"\\","6465":"n","6466":"}","6467":"\\","6468":"n","6469":"\\","6470":"n","6471":".","6472":"c","6473":"o","6474":"u","6475":"p","6476":"o","6477":"n","6478":"-","6479":"d","6480":"e","6481":"s","6482":"c","6483":" ","6484":"p","6485":" ","6486":"{","6487":"\\","6488":"n","6489":" ","6490":" ","6491":"m","6492":"a","6493":"r","6494":"g","6495":"i","6496":"n","6497":":","6498":" ","6499":"5","6500":"p","6501":"x","6502":" ","6503":"0","6504":";","6505":"\\","6506":"n","6507":"}","6508":"\\","6509":"n","6510":"\\","6511":"n","6512":".","6513":"c","6514":"o","6515":"u","6516":"p","6517":"o","6518":"n","6519":"-","6520":"a","6521":"c","6522":"t","6523":"i","6524":"o","6525":"n","6526":"s","6527":" ","6528":"{","6529":"\\","6530":"n","6531":" ","6532":" ","6533":"d","6534":"i","6535":"s","6536":"p","6537":"l","6538":"a","6539":"y","6540":":","6541":" ","6542":"f","6543":"l","6544":"e","6545":"x","6546":";","6547":"\\","6548":"n","6549":" ","6550":" ","6551":"j","6552":"u","6553":"s","6554":"t","6555":"i","6556":"f","6557":"y","6558":"-","6559":"c","6560":"o","6561":"n","6562":"t","6563":"e","6564":"n","6565":"t","6566":":","6567":" ","6568":"s","6569":"p","6570":"a","6571":"c","6572":"e","6573":"-","6574":"b","6575":"e","6576":"t","6577":"w","6578":"e","6579":"e","6580":"n","6581":";","6582":"\\","6583":"n","6584":"}","6585":"\\","6586":"n","6587":"\\","6588":"n","6589":".","6590":"f","6591":"a","6592":"v","6593":"o","6594":"r","6595":"i","6596":"t","6597":"e","6598":"-","6599":"i","6600":"c","6601":"o","6602":"n","6603":" ","6604":"{","6605":"\\","6606":"n","6607":" ","6608":" ","6609":"p","6610":"o","6611":"s","6612":"i","6613":"t","6614":"i","6615":"o","6616":"n","6617":":","6618":" ","6619":"a","6620":"b","6621":"s","6622":"o","6623":"l","6624":"u","6625":"t","6626":"e","6627":";","6628":"\\","6629":"n","6630":" ","6631":" ","6632":"t","6633":"o","6634":"p","6635":":","6636":" ","6637":"3","6638":"5","6639":"p","6640":"x","6641":";","6642":"\\","6643":"n","6644":" ","6645":" ","6646":"r","6647":"i","6648":"g","6649":"h","6650":"t","6651":":","6652":" ","6653":"1","6654":"5","6655":"p","6656":"x","6657":";","6658":"\\","6659":"n","6660":" ","6661":" ","6662":"f","6663":"o","6664":"n","6665":"t","6666":"-","6667":"s","6668":"i","6669":"z","6670":"e","6671":":","6672":" ","6673":"2","6674":"0","6675":"p","6676":"x","6677":";","6678":"\\","6679":"n","6680":" ","6681":" ","6682":"c","6683":"o","6684":"l","6685":"o","6686":"r","6687":":","6688":" ","6689":"#","6690":"f","6691":"f","6692":"6","6693":"b","6694":"6","6695":"b","6696":";","6697":"\\","6698":"n","6699":" ","6700":" ","6701":"c","6702":"u","6703":"r","6704":"s","6705":"o","6706":"r","6707":":","6708":" ","6709":"p","6710":"o","6711":"i","6712":"n","6713":"t","6714":"e","6715":"r","6716":";","6717":"\\","6718":"n","6719":" ","6720":" ","6721":"z","6722":"-","6723":"i","6724":"n","6725":"d","6726":"e","6727":"x","6728":":","6729":" ","6730":"1","6731":"0","6732":";","6733":"\\","6734":"n","6735":"}","6736":"\\","6737":"n","6738":"\\","6739":"n","6740":".","6741":"f","6742":"a","6743":"v","6744":"o","6745":"r","6746":"i","6747":"t","6748":"e","6749":"-","6750":"i","6751":"c","6752":"o","6753":"n","6754":":","6755":"h","6756":"o","6757":"v","6758":"e","6759":"r","6760":" ","6761":"{","6762":"\\","6763":"n","6764":" ","6765":" ","6766":"t","6767":"r","6768":"a","6769":"n","6770":"s","6771":"f","6772":"o","6773":"r","6774":"m","6775":":","6776":" ","6777":"s","6778":"c","6779":"a","6780":"l","6781":"e","6782":"(","6783":"1","6784":".","6785":"2","6786":")","6787":";","6788":"\\","6789":"n","6790":"}","6791":"\\","6792":"n","6793":"<","6794":"/","6795":"s","6796":"t","6797":"y","6798":"l","6799":"e","6800":">","6801":"\\","6802":"n","6803":"\"","6804":"]","6805":"}"},"_coverageSchema":"1a1c01bbd47fc00a2c39e90264f33305004495a9","hash":"71cf289411f76fd8e6352f536ee940eca91c43ae"}
}
