TN:
SF:src/App.vue
FN:12,_toConsumableArray
FN:13,_nonIterableSpread
FN:14,_unsupportedIterableToArray
FN:15,_iterableToArray
FN:16,_arrayWithoutHoles
FN:17,_arrayLikeToArray
FN:28,data
FN:130,filteredCoupons
FN:137,(anonymous_8)
FN:144,(anonymous_9)
FN:153,favoriteCoupons
FN:155,(anonymous_11)
FN:166,favoriteCount
FN:172,handleTabClick
FN:176,filterCoupons
FN:178,handleToggleFavorite
FN:181,(anonymous_16)
FN:193,(anonymous_17)
FN:203,handleReceive
FN:206,(anonymous_19)
FN:216,(anonymous_20)
FN:224,(anonymous_21)
FN:230,render
FN:253,(anonymous_23)
FN:278,(anonymous_24)
FN:312,(anonymous_25)
FN:331,(anonymous_26)
FN:363,(anonymous_27)
FN:373,(anonymous_28)
FNF:29
FNH:17
FNDA:16,_toConsumableArray
FNDA:0,_nonIterableSpread
FNDA:0,_unsupportedIterableToArray
FNDA:0,_iterableToArray
FNDA:16,_arrayWithoutHoles
FNDA:16,_arrayLikeToArray
FNDA:11,data
FNDA:16,filteredCoupons
FNDA:32,(anonymous_8)
FNDA:10,(anonymous_9)
FNDA:11,favoriteCoupons
FNDA:88,(anonymous_11)
FNDA:11,favoriteCount
FNDA:0,handleTabClick
FNDA:0,filterCoupons
FNDA:3,handleToggleFavorite
FNDA:0,(anonymous_16)
FNDA:1,(anonymous_17)
FNDA:1,handleReceive
FNDA:1,(anonymous_19)
FNDA:0,(anonymous_20)
FNDA:0,(anonymous_21)
FNDA:16,render
FNDA:0,(anonymous_23)
FNDA:4,(anonymous_24)
FNDA:0,(anonymous_25)
FNDA:102,(anonymous_26)
FNDA:0,(anonymous_27)
FNDA:0,(anonymous_28)
DA:4,1
DA:7,1
DA:12,16
DA:13,0
DA:14,0
DA:15,0
DA:16,16
DA:17,128
DA:18,1
DA:29,11
DA:135,16
DA:136,16
DA:137,4
DA:143,16
DA:144,2
DA:150,16
DA:154,11
DA:155,11
DA:167,11
DA:173,0
DA:179,3
DA:180,3
DA:181,2
DA:186,2
DA:191,2
DA:193,1
DA:198,1
DA:200,3
DA:206,1
DA:211,1
DA:212,1
DA:217,0
DA:218,0
DA:229,1
DA:230,1
DA:231,16
DA:232,16
DA:233,16
DA:254,0
DA:279,4
DA:313,0
DA:332,102
DA:364,0
DA:374,0
DA:405,1
DA:406,1
DA:408,1
DA:409,1
LF:48
LH:38
BRDA:12,0,0,16
BRDA:12,0,1,0
BRDA:12,0,2,0
BRDA:12,0,3,0
BRDA:14,1,0,0
BRDA:14,1,1,0
BRDA:14,2,0,0
BRDA:14,2,1,0
BRDA:14,3,0,0
BRDA:14,3,1,0
BRDA:14,3,2,0
BRDA:14,4,0,0
BRDA:14,4,1,0
BRDA:14,5,0,0
BRDA:14,5,1,0
BRDA:14,6,0,0
BRDA:14,6,1,0
BRDA:14,7,0,0
BRDA:14,7,1,0
BRDA:15,8,0,0
BRDA:15,8,1,0
BRDA:15,9,0,0
BRDA:15,9,1,0
BRDA:15,9,2,0
BRDA:16,10,0,16
BRDA:16,10,1,0
BRDA:17,11,0,16
BRDA:17,11,1,0
BRDA:17,11,2,16
BRDA:136,12,0,4
BRDA:136,12,1,12
BRDA:143,13,0,2
BRDA:143,13,1,14
BRDA:154,14,0,11
BRDA:154,14,1,11
BRDA:179,15,0,3
BRDA:179,15,1,2
BRDA:180,16,0,2
BRDA:180,16,1,1
BRDA:181,17,0,2
BRDA:181,17,1,0
BRDA:211,18,0,1
BRDA:211,18,1,0
BRDA:229,19,0,0
BRDA:229,19,1,1
BRDA:342,20,0,0
BRDA:342,20,1,16
BRDA:384,21,0,16
BRDA:384,21,1,0
BRF:49
BRH:19
end_of_record
TN:
SF:src/components/CouponCard.vue
FN:17,data
FN:24,mounted
FN:29,toggleExpand
FN:35,getTypeName
FN:45,toggleFavorite
FN:50,checkFavorite
FN:54,(anonymous_6)
FN:61,receiveCoupon
FN:69,render
FN:152,(anonymous_9)
FN:184,(anonymous_10)
FN:225,(anonymous_11)
FNF:12
FNH:10
FNDA:10,data
FNDA:10,mounted
FNDA:4,toggleExpand
FNDA:14,getTypeName
FNDA:1,toggleFavorite
FNDA:10,checkFavorite
FNDA:0,(anonymous_6)
FNDA:1,receiveCoupon
FNDA:14,render
FNDA:0,(anonymous_9)
FNDA:1,(anonymous_10)
FNDA:1,(anonymous_11)
DA:4,2
DA:7,2
DA:8,2
DA:18,10
DA:25,10
DA:30,4
DA:31,3
DA:36,14
DA:42,14
DA:46,1
DA:47,1
DA:53,10
DA:54,10
DA:62,1
DA:63,1
DA:68,2
DA:69,2
DA:70,14
DA:71,14
DA:72,14
DA:153,0
DA:154,0
DA:185,1
DA:186,1
DA:226,1
DA:227,1
DA:240,2
DA:241,2
DA:243,2
DA:244,2
LF:30
LH:28
BRDA:30,0,0,3
BRDA:30,0,1,1
BRDA:42,1,0,14
BRDA:42,1,1,0
BRDA:53,2,0,10
BRDA:53,2,1,10
BRDA:62,3,0,1
BRDA:62,3,1,0
BRDA:62,4,0,1
BRDA:62,4,1,1
BRDA:68,5,0,0
BRDA:68,5,1,2
BRDA:111,6,0,13
BRDA:111,6,1,1
BRDA:148,7,0,1
BRDA:148,7,1,13
BRDA:161,8,0,1
BRDA:161,8,1,13
BRDA:181,9,0,14
BRDA:181,9,1,12
BRDA:193,10,0,1
BRDA:193,10,1,13
BRDA:233,11,0,1
BRDA:233,11,1,13
BRF:24
BRH:21
end_of_record
